<!DOCTYPE html>

<html>
  <head>
  <meta charset='utf-8'>
  <title>TestNG reports</title>

    <link type="text/css" href="testng-reports1.css" rel="stylesheet" id="ultra" />
    <link type="text/css" href="testng-reports.css" rel="stylesheet" id="retro" disabled="false"/>
    <script type="text/javascript" src="jquery.min.js"></script>
    <script type="text/javascript" src="testng-reports.js"></script>
    <script type="text/javascript" src="https://www.google.com/jsapi"></script>
    <script type='text/javascript'>
      google.load('visualization', '1', {packages:['table']});
      google.setOnLoadCallback(drawTable);
      var suiteTableInitFunctions = new Array();
      var suiteTableData = new Array();
    </script>
    <!--
      <script type="text/javascript" src="jquery-ui/js/jquery-ui-1.8.16.custom.min.js"></script>
     -->
  </head>

  <body>
    <div class="top-banner-root">
      <span class="top-banner-title-font">Test results</span>
      <button id="button" class="button">Switch Retro Theme</button> <!-- button -->
      <br/>
      <span class="top-banner-font-1">1 suite, 8 failed tests</span>
    </div> <!-- top-banner-root -->
    <div class="navigator-root">
      <div class="navigator-suite-header">
        <span>All suites</span>
        <a href="#" title="Collapse/expand all the suites" class="collapse-all-link">
          <img src="collapseall.gif" class="collapse-all-icon">
          </img> <!-- collapse-all-icon -->
        </a> <!-- collapse-all-link -->
      </div> <!-- navigator-suite-header -->
      <div class="suite">
        <div class="rounded-window">
          <div class="suite-header light-rounded-window-top">
            <a href="#" panel-name="suite-CRMNEXTAutomationFramework" class="navigator-link">
              <span class="suite-name border-failed">CRMNEXTAutomationFramework</span>
            </a> <!-- navigator-link -->
          </div> <!-- suite-header light-rounded-window-top -->
          <div class="navigator-suite-content">
            <div class="suite-section-title">
              <span>Info</span>
            </div> <!-- suite-section-title -->
            <div class="suite-section-content">
              <ul>
                <li>
                  <a href="#" panel-name="test-xml-CRMNEXTAutomationFramework" class="navigator-link ">
                    <span>D:\automation\CRMNEXTAutomationFramework\TestNG.xml</span>
                  </a> <!-- navigator-link  -->
                </li>
                <li>
                  <a href="#" panel-name="testlist-CRMNEXTAutomationFramework" class="navigator-link ">
                    <span class="test-stats">1 test</span>
                  </a> <!-- navigator-link  -->
                </li>
                <li>
                  <a href="#" panel-name="group-CRMNEXTAutomationFramework" class="navigator-link ">
                    <span>0 groups</span>
                  </a> <!-- navigator-link  -->
                </li>
                <li>
                  <a href="#" panel-name="times-CRMNEXTAutomationFramework" class="navigator-link ">
                    <span>Times</span>
                  </a> <!-- navigator-link  -->
                </li>
                <li>
                  <a href="#" panel-name="reporter-CRMNEXTAutomationFramework" class="navigator-link ">
                    <span>Reporter output</span>
                  </a> <!-- navigator-link  -->
                </li>
                <li>
                  <a href="#" panel-name="ignored-methods-CRMNEXTAutomationFramework" class="navigator-link ">
                    <span>Ignored methods</span>
                  </a> <!-- navigator-link  -->
                </li>
                <li>
                  <a href="#" panel-name="chronological-CRMNEXTAutomationFramework" class="navigator-link ">
                    <span>Chronological view</span>
                  </a> <!-- navigator-link  -->
                </li>
              </ul>
            </div> <!-- suite-section-content -->
            <div class="result-section">
              <div class="suite-section-title">
                <span>Results</span>
              </div> <!-- suite-section-title -->
              <div class="suite-section-content">
                <ul>
                  <li>
                    <span class="method-stats">9 methods, 8 failed,   1 passed</span>
                  </li>
                  <li>
                    <span class="method-list-title failed">Failed methods</span>
                    <span class="show-or-hide-methods failed">
                      <a href="#" panel-name="suite-CRMNEXTAutomationFramework" class="hide-methods failed suite-CRMNEXTAutomationFramework"> (hide)</a> <!-- hide-methods failed suite-CRMNEXTAutomationFramework -->
                      <a href="#" panel-name="suite-CRMNEXTAutomationFramework" class="show-methods failed suite-CRMNEXTAutomationFramework"> (show)</a> <!-- show-methods failed suite-CRMNEXTAutomationFramework -->
                    </span>
                    <div class="method-list-content failed suite-CRMNEXTAutomationFramework">
                      <span>
                        <img src="failed.png" width="3%"/>
                        <a href="#" panel-name="suite-CRMNEXTAutomationFramework" title="com.crmnext.testCases.TC2_LoginValidation_002" class="method navigator-link" hash-for-method="loginValidation(test@abc.com, V_vteam11)">loginValidation(test@abc.com, V_vteam11)</a> <!-- method navigator-link -->
                      </span>
                      <br/>
                      <span>
                        <img src="failed.png" width="3%"/>
                        <a href="#" panel-name="suite-CRMNEXTAutomationFramework" title="com.crmnext.testCases.TC2_LoginValidation_002" class="method navigator-link" hash-for-method="loginValidation(, )">loginValidation(, )</a> <!-- method navigator-link -->
                      </span>
                      <br/>
                      <span>
                        <img src="failed.png" width="3%"/>
                        <a href="#" panel-name="suite-CRMNEXTAutomationFramework" title="com.crmnext.testCases.TC2_LoginValidation_002" class="method navigator-link" hash-for-method="loginValidation(ritesh.mittal@crmnext.com, V_vteam11)">loginValidation(ritesh.mittal@crmnext.com, V_vteam11)</a> <!-- method navigator-link -->
                      </span>
                      <br/>
                      <span>
                        <img src="failed.png" width="3%"/>
                        <a href="#" panel-name="suite-CRMNEXTAutomationFramework" title="com.crmnext.testCases.TC2_LoginValidation_002" class="method navigator-link" hash-for-method="loginValidation(ritesh.mittal@crmnext.com, V_vteam11)">loginValidation(ritesh.mittal@crmnext.com, V_vteam11)</a> <!-- method navigator-link -->
                      </span>
                      <br/>
                      <span>
                        <img src="failed.png" width="3%"/>
                        <a href="#" panel-name="suite-CRMNEXTAutomationFramework" title="com.crmnext.testCases.TC2_LoginValidation_002" class="method navigator-link" hash-for-method="loginValidation(ritesh.mittal@crmnext.com, V_vteam11)">loginValidation(ritesh.mittal@crmnext.com, V_vteam11)</a> <!-- method navigator-link -->
                      </span>
                      <br/>
                      <span>
                        <img src="failed.png" width="3%"/>
                        <a href="#" panel-name="suite-CRMNEXTAutomationFramework" title="com.crmnext.testCases.TC2_LoginValidation_002" class="method navigator-link" hash-for-method="loginValidation(ritesh.mittal@crmnext.com, V_vteam11)">loginValidation(ritesh.mittal@crmnext.com, V_vteam11)</a> <!-- method navigator-link -->
                      </span>
                      <br/>
                      <span>
                        <img src="failed.png" width="3%"/>
                        <a href="#" panel-name="suite-CRMNEXTAutomationFramework" title="com.crmnext.testCases.TC2_LoginValidation_002" class="method navigator-link" hash-for-method="loginValidation(abc, V_vteam11)">loginValidation(abc, V_vteam11)</a> <!-- method navigator-link -->
                      </span>
                      <br/>
                      <span>
                        <img src="failed.png" width="3%"/>
                        <a href="#" panel-name="suite-CRMNEXTAutomationFramework" title="com.crmnext.testCases.TC2_LoginValidation_002" class="method navigator-link" hash-for-method="loginValidation(ritesh.mittal@crmnext.com, V_vteam11)">loginValidation(ritesh.mittal@crmnext.com, V_vteam11)</a> <!-- method navigator-link -->
                      </span>
                      <br/>
                    </div> <!-- method-list-content failed suite-CRMNEXTAutomationFramework -->
                  </li>
                  <li>
                    <span class="method-list-title passed">Passed methods</span>
                    <span class="show-or-hide-methods passed">
                      <a href="#" panel-name="suite-CRMNEXTAutomationFramework" class="hide-methods passed suite-CRMNEXTAutomationFramework"> (hide)</a> <!-- hide-methods passed suite-CRMNEXTAutomationFramework -->
                      <a href="#" panel-name="suite-CRMNEXTAutomationFramework" class="show-methods passed suite-CRMNEXTAutomationFramework"> (show)</a> <!-- show-methods passed suite-CRMNEXTAutomationFramework -->
                    </span>
                    <div class="method-list-content passed suite-CRMNEXTAutomationFramework">
                      <span>
                        <img src="passed.png" width="3%"/>
                        <a href="#" panel-name="suite-CRMNEXTAutomationFramework" title="com.crmnext.testCases.TC1_LoginTest_001" class="method navigator-link" hash-for-method="loginTest">loginTest</a> <!-- method navigator-link -->
                      </span>
                      <br/>
                    </div> <!-- method-list-content passed suite-CRMNEXTAutomationFramework -->
                  </li>
                </ul>
              </div> <!-- suite-section-content -->
            </div> <!-- result-section -->
          </div> <!-- navigator-suite-content -->
        </div> <!-- rounded-window -->
      </div> <!-- suite -->
    </div> <!-- navigator-root -->
    <div class="wrapper">
      <div class="main-panel-root">
        <div panel-name="suite-CRMNEXTAutomationFramework" class="panel CRMNEXTAutomationFramework">
          <div class="suite-CRMNEXTAutomationFramework-class-failed">
            <div class="main-panel-header rounded-window-top">
              <img src="failed.png"/>
              <span class="class-name">com.crmnext.testCases.TC2_LoginValidation_002</span>
            </div> <!-- main-panel-header rounded-window-top -->
            <div class="main-panel-content rounded-window-bottom">
              <div class="method">
                <div class="method-content">
                  <a name="loginValidation(test@abc.com, V_vteam11)">
                  </a> <!-- loginValidation(test@abc.com, V_vteam11) -->
                  <span class="method-name">loginValidation</span>
                  <span class="parameters">(test@abc.com, V_vteam11)</span>
                  <div class="stack-trace">org.openqa.selenium.NoSuchElementException: no such element: Unable to locate element: {&quot;method&quot;:&quot;css selector&quot;,&quot;selector&quot;:&quot;body.bg-light-gray:nth-child(2) div.header.bg-white.flex.items-center.justify-between.wt--100.ph-16 div.header-profile.flex.items-center.justify-end.min-wt-15 div.header__item.header__profile.ht-3.mid.relative.pointer:nth-child(5) a.header-profile__media.min-wt-2.wt-2.ht-2.overflow-hidden &gt; img.min-wt--100.wt--100.ht--100.br-pill.pointer&quot;}
  (Session info: chrome=96.0.4664.45)
For documentation on this error, please visit: https://selenium.dev/exceptions/#no_such_element
Build info: version: &apos;4.0.0&apos;, revision: &apos;3a21814679&apos;
System info: host: &apos;RITESHM-AVP&apos;, ip: &apos;192.168.1.20&apos;, os.name: &apos;Windows 10&apos;, os.arch: &apos;amd64&apos;, os.version: &apos;10.0&apos;, java.version: &apos;17&apos;
Driver info: org.openqa.selenium.chrome.ChromeDriver
Command: [88731886b82d67d87b31a6f2815af815, findElement {using=css selector, value=body.bg-light-gray:nth-child(2) div.header.bg-white.flex.items-center.justify-between.wt--100.ph-16 div.header-profile.flex.items-center.justify-end.min-wt-15 div.header__item.header__profile.ht-3.mid.relative.pointer:nth-child(5) a.header-profile__media.min-wt-2.wt-2.ht-2.overflow-hidden &gt; img.min-wt--100.wt--100.ht--100.br-pill.pointer}]
Capabilities {acceptInsecureCerts: false, browserName: chrome, browserVersion: 96.0.4664.45, chrome: {chromedriverVersion: 96.0.4664.45 (76e4c1bb2ab46..., userDataDir: C:\Users\RITESH~1\AppData\L...}, goog:chromeOptions: {debuggerAddress: localhost:50608}, javascriptEnabled: true, networkConnectionEnabled: false, pageLoadStrategy: normal, platform: WINDOWS, platformName: WINDOWS, proxy: Proxy(), se:cdp: ws://localhost:50608/devtoo..., se:cdpVersion: 96.0.4664.45, setWindowRect: true, strictFileInteractability: false, timeouts: {implicit: 0, pageLoad: 300000, script: 30000}, unhandledPromptBehavior: dismiss and notify, webauthn:extension:credBlob: true, webauthn:extension:largeBlob: true, webauthn:virtualAuthenticators: true}
Session ID: 88731886b82d67d87b31a6f2815af815
	at org.openqa.selenium.remote.codec.w3c.W3CHttpResponseCodec.createException(W3CHttpResponseCodec.java:200)
	at org.openqa.selenium.remote.codec.w3c.W3CHttpResponseCodec.decode(W3CHttpResponseCodec.java:133)
	at org.openqa.selenium.remote.codec.w3c.W3CHttpResponseCodec.decode(W3CHttpResponseCodec.java:53)
	at org.openqa.selenium.remote.HttpCommandExecutor.execute(HttpCommandExecutor.java:184)
	at org.openqa.selenium.remote.service.DriverCommandExecutor.invokeExecute(DriverCommandExecutor.java:164)
	at org.openqa.selenium.remote.service.DriverCommandExecutor.execute(DriverCommandExecutor.java:139)
	at org.openqa.selenium.remote.RemoteWebDriver.execute(RemoteWebDriver.java:559)
	at org.openqa.selenium.remote.ElementLocation$ElementFinder$2.findElement(ElementLocation.java:162)
	at org.openqa.selenium.remote.ElementLocation.findElement(ElementLocation.java:60)
	at org.openqa.selenium.remote.RemoteWebDriver.findElement(RemoteWebDriver.java:383)
	at org.openqa.selenium.remote.RemoteWebDriver.findElement(RemoteWebDriver.java:375)
	at org.openqa.selenium.support.pagefactory.DefaultElementLocator.findElement(DefaultElementLocator.java:70)
	at org.openqa.selenium.support.pagefactory.internal.LocatingElementHandler.invoke(LocatingElementHandler.java:39)
	at jdk.proxy2/jdk.proxy2.$Proxy36.click(Unknown Source)
	at com.crmnext.pageObjects.LoginPage.clickLogout(LoginPage.java:67)
	at com.crmnext.testCases.TC2_LoginValidation_002.loginValidation(TC2_LoginValidation_002.java:43)
	at java.base/java.util.ArrayList.forEach(ArrayList.java:1511)
... Removed 32 stack frames
</div> <!-- stack-trace -->
                </div> <!-- method-content -->
              </div> <!-- method -->
              <div class="method">
                <div class="method-content">
                  <a name="loginValidation(, )">
                  </a> <!-- loginValidation(, ) -->
                  <span class="method-name">loginValidation</span>
                  <span class="parameters">(, )</span>
                  <div class="stack-trace">org.openqa.selenium.NoSuchElementException: no such element: Unable to locate element: {&quot;method&quot;:&quot;css selector&quot;,&quot;selector&quot;:&quot;body.bg-light-gray:nth-child(2) div.header.bg-white.flex.items-center.justify-between.wt--100.ph-16 div.header-profile.flex.items-center.justify-end.min-wt-15 div.header__item.header__profile.ht-3.mid.relative.pointer:nth-child(5) a.header-profile__media.min-wt-2.wt-2.ht-2.overflow-hidden &gt; img.min-wt--100.wt--100.ht--100.br-pill.pointer&quot;}
  (Session info: chrome=96.0.4664.45)
For documentation on this error, please visit: https://selenium.dev/exceptions/#no_such_element
Build info: version: &apos;4.0.0&apos;, revision: &apos;3a21814679&apos;
System info: host: &apos;RITESHM-AVP&apos;, ip: &apos;192.168.1.20&apos;, os.name: &apos;Windows 10&apos;, os.arch: &apos;amd64&apos;, os.version: &apos;10.0&apos;, java.version: &apos;17&apos;
Driver info: org.openqa.selenium.chrome.ChromeDriver
Command: [88731886b82d67d87b31a6f2815af815, findElement {using=css selector, value=body.bg-light-gray:nth-child(2) div.header.bg-white.flex.items-center.justify-between.wt--100.ph-16 div.header-profile.flex.items-center.justify-end.min-wt-15 div.header__item.header__profile.ht-3.mid.relative.pointer:nth-child(5) a.header-profile__media.min-wt-2.wt-2.ht-2.overflow-hidden &gt; img.min-wt--100.wt--100.ht--100.br-pill.pointer}]
Capabilities {acceptInsecureCerts: false, browserName: chrome, browserVersion: 96.0.4664.45, chrome: {chromedriverVersion: 96.0.4664.45 (76e4c1bb2ab46..., userDataDir: C:\Users\RITESH~1\AppData\L...}, goog:chromeOptions: {debuggerAddress: localhost:50608}, javascriptEnabled: true, networkConnectionEnabled: false, pageLoadStrategy: normal, platform: WINDOWS, platformName: WINDOWS, proxy: Proxy(), se:cdp: ws://localhost:50608/devtoo..., se:cdpVersion: 96.0.4664.45, setWindowRect: true, strictFileInteractability: false, timeouts: {implicit: 0, pageLoad: 300000, script: 30000}, unhandledPromptBehavior: dismiss and notify, webauthn:extension:credBlob: true, webauthn:extension:largeBlob: true, webauthn:virtualAuthenticators: true}
Session ID: 88731886b82d67d87b31a6f2815af815
	at org.openqa.selenium.remote.codec.w3c.W3CHttpResponseCodec.createException(W3CHttpResponseCodec.java:200)
	at org.openqa.selenium.remote.codec.w3c.W3CHttpResponseCodec.decode(W3CHttpResponseCodec.java:133)
	at org.openqa.selenium.remote.codec.w3c.W3CHttpResponseCodec.decode(W3CHttpResponseCodec.java:53)
	at org.openqa.selenium.remote.HttpCommandExecutor.execute(HttpCommandExecutor.java:184)
	at org.openqa.selenium.remote.service.DriverCommandExecutor.invokeExecute(DriverCommandExecutor.java:164)
	at org.openqa.selenium.remote.service.DriverCommandExecutor.execute(DriverCommandExecutor.java:139)
	at org.openqa.selenium.remote.RemoteWebDriver.execute(RemoteWebDriver.java:559)
	at org.openqa.selenium.remote.ElementLocation$ElementFinder$2.findElement(ElementLocation.java:162)
	at org.openqa.selenium.remote.ElementLocation.findElement(ElementLocation.java:60)
	at org.openqa.selenium.remote.RemoteWebDriver.findElement(RemoteWebDriver.java:383)
	at org.openqa.selenium.remote.RemoteWebDriver.findElement(RemoteWebDriver.java:375)
	at org.openqa.selenium.support.pagefactory.DefaultElementLocator.findElement(DefaultElementLocator.java:70)
	at org.openqa.selenium.support.pagefactory.internal.LocatingElementHandler.invoke(LocatingElementHandler.java:39)
	at jdk.proxy2/jdk.proxy2.$Proxy36.click(Unknown Source)
	at com.crmnext.pageObjects.LoginPage.clickLogout(LoginPage.java:67)
	at com.crmnext.testCases.TC2_LoginValidation_002.loginValidation(TC2_LoginValidation_002.java:43)
	at java.base/java.util.ArrayList.forEach(ArrayList.java:1511)
... Removed 32 stack frames
</div> <!-- stack-trace -->
                </div> <!-- method-content -->
              </div> <!-- method -->
              <div class="method">
                <div class="method-content">
                  <a name="loginValidation(ritesh.mittal@crmnext.com, V_vteam11)">
                  </a> <!-- loginValidation(ritesh.mittal@crmnext.com, V_vteam11) -->
                  <span class="method-name">loginValidation</span>
                  <span class="parameters">(ritesh.mittal@crmnext.com, V_vteam11)</span>
                  <div class="stack-trace">org.openqa.selenium.NoAlertPresentException: no such alert
  (Session info: chrome=96.0.4664.45)
Build info: version: &apos;4.0.0&apos;, revision: &apos;3a21814679&apos;
System info: host: &apos;RITESHM-AVP&apos;, ip: &apos;192.168.1.20&apos;, os.name: &apos;Windows 10&apos;, os.arch: &apos;amd64&apos;, os.version: &apos;10.0&apos;, java.version: &apos;17&apos;
Driver info: org.openqa.selenium.chrome.ChromeDriver
Command: [88731886b82d67d87b31a6f2815af815, getAlertText {}]
Capabilities {acceptInsecureCerts: false, browserName: chrome, browserVersion: 96.0.4664.45, chrome: {chromedriverVersion: 96.0.4664.45 (76e4c1bb2ab46..., userDataDir: C:\Users\RITESH~1\AppData\L...}, goog:chromeOptions: {debuggerAddress: localhost:50608}, javascriptEnabled: true, networkConnectionEnabled: false, pageLoadStrategy: normal, platform: WINDOWS, platformName: WINDOWS, proxy: Proxy(), se:cdp: ws://localhost:50608/devtoo..., se:cdpVersion: 96.0.4664.45, setWindowRect: true, strictFileInteractability: false, timeouts: {implicit: 0, pageLoad: 300000, script: 30000}, unhandledPromptBehavior: dismiss and notify, webauthn:extension:credBlob: true, webauthn:extension:largeBlob: true, webauthn:virtualAuthenticators: true}
Session ID: 88731886b82d67d87b31a6f2815af815
	at org.openqa.selenium.remote.codec.w3c.W3CHttpResponseCodec.createException(W3CHttpResponseCodec.java:200)
	at org.openqa.selenium.remote.codec.w3c.W3CHttpResponseCodec.decode(W3CHttpResponseCodec.java:133)
	at org.openqa.selenium.remote.codec.w3c.W3CHttpResponseCodec.decode(W3CHttpResponseCodec.java:53)
	at org.openqa.selenium.remote.HttpCommandExecutor.execute(HttpCommandExecutor.java:184)
	at org.openqa.selenium.remote.service.DriverCommandExecutor.invokeExecute(DriverCommandExecutor.java:164)
	at org.openqa.selenium.remote.service.DriverCommandExecutor.execute(DriverCommandExecutor.java:139)
	at org.openqa.selenium.remote.RemoteWebDriver.execute(RemoteWebDriver.java:559)
	at org.openqa.selenium.remote.RemoteWebDriver.execute(RemoteWebDriver.java:614)
	at org.openqa.selenium.remote.RemoteWebDriver.execute(RemoteWebDriver.java:618)
	at org.openqa.selenium.remote.RemoteWebDriver$RemoteTargetLocator.alert(RemoteWebDriver.java:1054)
	at com.crmnext.testCases.TC2_LoginValidation_002.loginValidation(TC2_LoginValidation_002.java:45)
	at java.base/java.util.ArrayList.forEach(ArrayList.java:1511)
... Removed 32 stack frames
</div> <!-- stack-trace -->
                </div> <!-- method-content -->
              </div> <!-- method -->
              <div class="method">
                <div class="method-content">
                  <a name="loginValidation(ritesh.mittal@crmnext.com, V_vteam11)">
                  </a> <!-- loginValidation(ritesh.mittal@crmnext.com, V_vteam11) -->
                  <span class="method-name">loginValidation</span>
                  <span class="parameters">(ritesh.mittal@crmnext.com, V_vteam11)</span>
                  <div class="stack-trace">org.openqa.selenium.NoAlertPresentException: no such alert
  (Session info: chrome=96.0.4664.45)
Build info: version: &apos;4.0.0&apos;, revision: &apos;3a21814679&apos;
System info: host: &apos;RITESHM-AVP&apos;, ip: &apos;192.168.1.20&apos;, os.name: &apos;Windows 10&apos;, os.arch: &apos;amd64&apos;, os.version: &apos;10.0&apos;, java.version: &apos;17&apos;
Driver info: org.openqa.selenium.chrome.ChromeDriver
Command: [88731886b82d67d87b31a6f2815af815, getAlertText {}]
Capabilities {acceptInsecureCerts: false, browserName: chrome, browserVersion: 96.0.4664.45, chrome: {chromedriverVersion: 96.0.4664.45 (76e4c1bb2ab46..., userDataDir: C:\Users\RITESH~1\AppData\L...}, goog:chromeOptions: {debuggerAddress: localhost:50608}, javascriptEnabled: true, networkConnectionEnabled: false, pageLoadStrategy: normal, platform: WINDOWS, platformName: WINDOWS, proxy: Proxy(), se:cdp: ws://localhost:50608/devtoo..., se:cdpVersion: 96.0.4664.45, setWindowRect: true, strictFileInteractability: false, timeouts: {implicit: 0, pageLoad: 300000, script: 30000}, unhandledPromptBehavior: dismiss and notify, webauthn:extension:credBlob: true, webauthn:extension:largeBlob: true, webauthn:virtualAuthenticators: true}
Session ID: 88731886b82d67d87b31a6f2815af815
	at org.openqa.selenium.remote.codec.w3c.W3CHttpResponseCodec.createException(W3CHttpResponseCodec.java:200)
	at org.openqa.selenium.remote.codec.w3c.W3CHttpResponseCodec.decode(W3CHttpResponseCodec.java:133)
	at org.openqa.selenium.remote.codec.w3c.W3CHttpResponseCodec.decode(W3CHttpResponseCodec.java:53)
	at org.openqa.selenium.remote.HttpCommandExecutor.execute(HttpCommandExecutor.java:184)
	at org.openqa.selenium.remote.service.DriverCommandExecutor.invokeExecute(DriverCommandExecutor.java:164)
	at org.openqa.selenium.remote.service.DriverCommandExecutor.execute(DriverCommandExecutor.java:139)
	at org.openqa.selenium.remote.RemoteWebDriver.execute(RemoteWebDriver.java:559)
	at org.openqa.selenium.remote.RemoteWebDriver.execute(RemoteWebDriver.java:614)
	at org.openqa.selenium.remote.RemoteWebDriver.execute(RemoteWebDriver.java:618)
	at org.openqa.selenium.remote.RemoteWebDriver$RemoteTargetLocator.alert(RemoteWebDriver.java:1054)
	at com.crmnext.testCases.TC2_LoginValidation_002.loginValidation(TC2_LoginValidation_002.java:45)
	at java.base/java.util.ArrayList.forEach(ArrayList.java:1511)
... Removed 32 stack frames
</div> <!-- stack-trace -->
                </div> <!-- method-content -->
              </div> <!-- method -->
              <div class="method">
                <div class="method-content">
                  <a name="loginValidation(ritesh.mittal@crmnext.com, V_vteam11)">
                  </a> <!-- loginValidation(ritesh.mittal@crmnext.com, V_vteam11) -->
                  <span class="method-name">loginValidation</span>
                  <span class="parameters">(ritesh.mittal@crmnext.com, V_vteam11)</span>
                  <div class="stack-trace">org.openqa.selenium.NoAlertPresentException: no such alert
  (Session info: chrome=96.0.4664.45)
Build info: version: &apos;4.0.0&apos;, revision: &apos;3a21814679&apos;
System info: host: &apos;RITESHM-AVP&apos;, ip: &apos;192.168.1.20&apos;, os.name: &apos;Windows 10&apos;, os.arch: &apos;amd64&apos;, os.version: &apos;10.0&apos;, java.version: &apos;17&apos;
Driver info: org.openqa.selenium.chrome.ChromeDriver
Command: [88731886b82d67d87b31a6f2815af815, getAlertText {}]
Capabilities {acceptInsecureCerts: false, browserName: chrome, browserVersion: 96.0.4664.45, chrome: {chromedriverVersion: 96.0.4664.45 (76e4c1bb2ab46..., userDataDir: C:\Users\RITESH~1\AppData\L...}, goog:chromeOptions: {debuggerAddress: localhost:50608}, javascriptEnabled: true, networkConnectionEnabled: false, pageLoadStrategy: normal, platform: WINDOWS, platformName: WINDOWS, proxy: Proxy(), se:cdp: ws://localhost:50608/devtoo..., se:cdpVersion: 96.0.4664.45, setWindowRect: true, strictFileInteractability: false, timeouts: {implicit: 0, pageLoad: 300000, script: 30000}, unhandledPromptBehavior: dismiss and notify, webauthn:extension:credBlob: true, webauthn:extension:largeBlob: true, webauthn:virtualAuthenticators: true}
Session ID: 88731886b82d67d87b31a6f2815af815
	at org.openqa.selenium.remote.codec.w3c.W3CHttpResponseCodec.createException(W3CHttpResponseCodec.java:200)
	at org.openqa.selenium.remote.codec.w3c.W3CHttpResponseCodec.decode(W3CHttpResponseCodec.java:133)
	at org.openqa.selenium.remote.codec.w3c.W3CHttpResponseCodec.decode(W3CHttpResponseCodec.java:53)
	at org.openqa.selenium.remote.HttpCommandExecutor.execute(HttpCommandExecutor.java:184)
	at org.openqa.selenium.remote.service.DriverCommandExecutor.invokeExecute(DriverCommandExecutor.java:164)
	at org.openqa.selenium.remote.service.DriverCommandExecutor.execute(DriverCommandExecutor.java:139)
	at org.openqa.selenium.remote.RemoteWebDriver.execute(RemoteWebDriver.java:559)
	at org.openqa.selenium.remote.RemoteWebDriver.execute(RemoteWebDriver.java:614)
	at org.openqa.selenium.remote.RemoteWebDriver.execute(RemoteWebDriver.java:618)
	at org.openqa.selenium.remote.RemoteWebDriver$RemoteTargetLocator.alert(RemoteWebDriver.java:1054)
	at com.crmnext.testCases.TC2_LoginValidation_002.loginValidation(TC2_LoginValidation_002.java:45)
	at java.base/java.util.ArrayList.forEach(ArrayList.java:1511)
... Removed 32 stack frames
</div> <!-- stack-trace -->
                </div> <!-- method-content -->
              </div> <!-- method -->
              <div class="method">
                <div class="method-content">
                  <a name="loginValidation(ritesh.mittal@crmnext.com, V_vteam11)">
                  </a> <!-- loginValidation(ritesh.mittal@crmnext.com, V_vteam11) -->
                  <span class="method-name">loginValidation</span>
                  <span class="parameters">(ritesh.mittal@crmnext.com, V_vteam11)</span>
                  <div class="stack-trace">org.openqa.selenium.NoAlertPresentException: no such alert
  (Session info: chrome=96.0.4664.45)
Build info: version: &apos;4.0.0&apos;, revision: &apos;3a21814679&apos;
System info: host: &apos;RITESHM-AVP&apos;, ip: &apos;192.168.1.20&apos;, os.name: &apos;Windows 10&apos;, os.arch: &apos;amd64&apos;, os.version: &apos;10.0&apos;, java.version: &apos;17&apos;
Driver info: org.openqa.selenium.chrome.ChromeDriver
Command: [88731886b82d67d87b31a6f2815af815, getAlertText {}]
Capabilities {acceptInsecureCerts: false, browserName: chrome, browserVersion: 96.0.4664.45, chrome: {chromedriverVersion: 96.0.4664.45 (76e4c1bb2ab46..., userDataDir: C:\Users\RITESH~1\AppData\L...}, goog:chromeOptions: {debuggerAddress: localhost:50608}, javascriptEnabled: true, networkConnectionEnabled: false, pageLoadStrategy: normal, platform: WINDOWS, platformName: WINDOWS, proxy: Proxy(), se:cdp: ws://localhost:50608/devtoo..., se:cdpVersion: 96.0.4664.45, setWindowRect: true, strictFileInteractability: false, timeouts: {implicit: 0, pageLoad: 300000, script: 30000}, unhandledPromptBehavior: dismiss and notify, webauthn:extension:credBlob: true, webauthn:extension:largeBlob: true, webauthn:virtualAuthenticators: true}
Session ID: 88731886b82d67d87b31a6f2815af815
	at org.openqa.selenium.remote.codec.w3c.W3CHttpResponseCodec.createException(W3CHttpResponseCodec.java:200)
	at org.openqa.selenium.remote.codec.w3c.W3CHttpResponseCodec.decode(W3CHttpResponseCodec.java:133)
	at org.openqa.selenium.remote.codec.w3c.W3CHttpResponseCodec.decode(W3CHttpResponseCodec.java:53)
	at org.openqa.selenium.remote.HttpCommandExecutor.execute(HttpCommandExecutor.java:184)
	at org.openqa.selenium.remote.service.DriverCommandExecutor.invokeExecute(DriverCommandExecutor.java:164)
	at org.openqa.selenium.remote.service.DriverCommandExecutor.execute(DriverCommandExecutor.java:139)
	at org.openqa.selenium.remote.RemoteWebDriver.execute(RemoteWebDriver.java:559)
	at org.openqa.selenium.remote.RemoteWebDriver.execute(RemoteWebDriver.java:614)
	at org.openqa.selenium.remote.RemoteWebDriver.execute(RemoteWebDriver.java:618)
	at org.openqa.selenium.remote.RemoteWebDriver$RemoteTargetLocator.alert(RemoteWebDriver.java:1054)
	at com.crmnext.testCases.TC2_LoginValidation_002.loginValidation(TC2_LoginValidation_002.java:45)
	at java.base/java.util.ArrayList.forEach(ArrayList.java:1511)
... Removed 32 stack frames
</div> <!-- stack-trace -->
                </div> <!-- method-content -->
              </div> <!-- method -->
              <div class="method">
                <div class="method-content">
                  <a name="loginValidation(abc, V_vteam11)">
                  </a> <!-- loginValidation(abc, V_vteam11) -->
                  <span class="method-name">loginValidation</span>
                  <span class="parameters">(abc, V_vteam11)</span>
                  <div class="stack-trace">org.openqa.selenium.NoSuchElementException: no such element: Unable to locate element: {&quot;method&quot;:&quot;css selector&quot;,&quot;selector&quot;:&quot;body.bg-light-gray:nth-child(2) div.header.bg-white.flex.items-center.justify-between.wt--100.ph-16 div.header-profile.flex.items-center.justify-end.min-wt-15 div.header__item.header__profile.ht-3.mid.relative.pointer:nth-child(5) a.header-profile__media.min-wt-2.wt-2.ht-2.overflow-hidden &gt; img.min-wt--100.wt--100.ht--100.br-pill.pointer&quot;}
  (Session info: chrome=96.0.4664.45)
For documentation on this error, please visit: https://selenium.dev/exceptions/#no_such_element
Build info: version: &apos;4.0.0&apos;, revision: &apos;3a21814679&apos;
System info: host: &apos;RITESHM-AVP&apos;, ip: &apos;192.168.1.20&apos;, os.name: &apos;Windows 10&apos;, os.arch: &apos;amd64&apos;, os.version: &apos;10.0&apos;, java.version: &apos;17&apos;
Driver info: org.openqa.selenium.chrome.ChromeDriver
Command: [88731886b82d67d87b31a6f2815af815, findElement {using=css selector, value=body.bg-light-gray:nth-child(2) div.header.bg-white.flex.items-center.justify-between.wt--100.ph-16 div.header-profile.flex.items-center.justify-end.min-wt-15 div.header__item.header__profile.ht-3.mid.relative.pointer:nth-child(5) a.header-profile__media.min-wt-2.wt-2.ht-2.overflow-hidden &gt; img.min-wt--100.wt--100.ht--100.br-pill.pointer}]
Capabilities {acceptInsecureCerts: false, browserName: chrome, browserVersion: 96.0.4664.45, chrome: {chromedriverVersion: 96.0.4664.45 (76e4c1bb2ab46..., userDataDir: C:\Users\RITESH~1\AppData\L...}, goog:chromeOptions: {debuggerAddress: localhost:50608}, javascriptEnabled: true, networkConnectionEnabled: false, pageLoadStrategy: normal, platform: WINDOWS, platformName: WINDOWS, proxy: Proxy(), se:cdp: ws://localhost:50608/devtoo..., se:cdpVersion: 96.0.4664.45, setWindowRect: true, strictFileInteractability: false, timeouts: {implicit: 0, pageLoad: 300000, script: 30000}, unhandledPromptBehavior: dismiss and notify, webauthn:extension:credBlob: true, webauthn:extension:largeBlob: true, webauthn:virtualAuthenticators: true}
Session ID: 88731886b82d67d87b31a6f2815af815
	at org.openqa.selenium.remote.codec.w3c.W3CHttpResponseCodec.createException(W3CHttpResponseCodec.java:200)
	at org.openqa.selenium.remote.codec.w3c.W3CHttpResponseCodec.decode(W3CHttpResponseCodec.java:133)
	at org.openqa.selenium.remote.codec.w3c.W3CHttpResponseCodec.decode(W3CHttpResponseCodec.java:53)
	at org.openqa.selenium.remote.HttpCommandExecutor.execute(HttpCommandExecutor.java:184)
	at org.openqa.selenium.remote.service.DriverCommandExecutor.invokeExecute(DriverCommandExecutor.java:164)
	at org.openqa.selenium.remote.service.DriverCommandExecutor.execute(DriverCommandExecutor.java:139)
	at org.openqa.selenium.remote.RemoteWebDriver.execute(RemoteWebDriver.java:559)
	at org.openqa.selenium.remote.ElementLocation$ElementFinder$2.findElement(ElementLocation.java:162)
	at org.openqa.selenium.remote.ElementLocation.findElement(ElementLocation.java:60)
	at org.openqa.selenium.remote.RemoteWebDriver.findElement(RemoteWebDriver.java:383)
	at org.openqa.selenium.remote.RemoteWebDriver.findElement(RemoteWebDriver.java:375)
	at org.openqa.selenium.support.pagefactory.DefaultElementLocator.findElement(DefaultElementLocator.java:70)
	at org.openqa.selenium.support.pagefactory.internal.LocatingElementHandler.invoke(LocatingElementHandler.java:39)
	at jdk.proxy2/jdk.proxy2.$Proxy36.click(Unknown Source)
	at com.crmnext.pageObjects.LoginPage.clickLogout(LoginPage.java:67)
	at com.crmnext.testCases.TC2_LoginValidation_002.loginValidation(TC2_LoginValidation_002.java:43)
	at java.base/java.util.ArrayList.forEach(ArrayList.java:1511)
... Removed 32 stack frames
</div> <!-- stack-trace -->
                </div> <!-- method-content -->
              </div> <!-- method -->
              <div class="method">
                <div class="method-content">
                  <a name="loginValidation(ritesh.mittal@crmnext.com, V_vteam11)">
                  </a> <!-- loginValidation(ritesh.mittal@crmnext.com, V_vteam11) -->
                  <span class="method-name">loginValidation</span>
                  <span class="parameters">(ritesh.mittal@crmnext.com, V_vteam11)</span>
                  <div class="stack-trace">org.openqa.selenium.NoAlertPresentException: no such alert
  (Session info: chrome=96.0.4664.45)
Build info: version: &apos;4.0.0&apos;, revision: &apos;3a21814679&apos;
System info: host: &apos;RITESHM-AVP&apos;, ip: &apos;192.168.1.20&apos;, os.name: &apos;Windows 10&apos;, os.arch: &apos;amd64&apos;, os.version: &apos;10.0&apos;, java.version: &apos;17&apos;
Driver info: org.openqa.selenium.chrome.ChromeDriver
Command: [88731886b82d67d87b31a6f2815af815, getAlertText {}]
Capabilities {acceptInsecureCerts: false, browserName: chrome, browserVersion: 96.0.4664.45, chrome: {chromedriverVersion: 96.0.4664.45 (76e4c1bb2ab46..., userDataDir: C:\Users\RITESH~1\AppData\L...}, goog:chromeOptions: {debuggerAddress: localhost:50608}, javascriptEnabled: true, networkConnectionEnabled: false, pageLoadStrategy: normal, platform: WINDOWS, platformName: WINDOWS, proxy: Proxy(), se:cdp: ws://localhost:50608/devtoo..., se:cdpVersion: 96.0.4664.45, setWindowRect: true, strictFileInteractability: false, timeouts: {implicit: 0, pageLoad: 300000, script: 30000}, unhandledPromptBehavior: dismiss and notify, webauthn:extension:credBlob: true, webauthn:extension:largeBlob: true, webauthn:virtualAuthenticators: true}
Session ID: 88731886b82d67d87b31a6f2815af815
	at org.openqa.selenium.remote.codec.w3c.W3CHttpResponseCodec.createException(W3CHttpResponseCodec.java:200)
	at org.openqa.selenium.remote.codec.w3c.W3CHttpResponseCodec.decode(W3CHttpResponseCodec.java:133)
	at org.openqa.selenium.remote.codec.w3c.W3CHttpResponseCodec.decode(W3CHttpResponseCodec.java:53)
	at org.openqa.selenium.remote.HttpCommandExecutor.execute(HttpCommandExecutor.java:184)
	at org.openqa.selenium.remote.service.DriverCommandExecutor.invokeExecute(DriverCommandExecutor.java:164)
	at org.openqa.selenium.remote.service.DriverCommandExecutor.execute(DriverCommandExecutor.java:139)
	at org.openqa.selenium.remote.RemoteWebDriver.execute(RemoteWebDriver.java:559)
	at org.openqa.selenium.remote.RemoteWebDriver.execute(RemoteWebDriver.java:614)
	at org.openqa.selenium.remote.RemoteWebDriver.execute(RemoteWebDriver.java:618)
	at org.openqa.selenium.remote.RemoteWebDriver$RemoteTargetLocator.alert(RemoteWebDriver.java:1054)
	at com.crmnext.testCases.TC2_LoginValidation_002.loginValidation(TC2_LoginValidation_002.java:45)
	at java.base/java.util.ArrayList.forEach(ArrayList.java:1511)
... Removed 32 stack frames
</div> <!-- stack-trace -->
                </div> <!-- method-content -->
              </div> <!-- method -->
            </div> <!-- main-panel-content rounded-window-bottom -->
          </div> <!-- suite-CRMNEXTAutomationFramework-class-failed -->
          <div class="suite-CRMNEXTAutomationFramework-class-passed">
            <div class="main-panel-header rounded-window-top">
              <img src="passed.png"/>
              <span class="class-name">com.crmnext.testCases.TC1_LoginTest_001</span>
            </div> <!-- main-panel-header rounded-window-top -->
            <div class="main-panel-content rounded-window-bottom">
              <div class="method">
                <div class="method-content">
                  <a name="loginTest">
                  </a> <!-- loginTest -->
                  <span class="method-name">loginTest</span>
                </div> <!-- method-content -->
              </div> <!-- method -->
            </div> <!-- main-panel-content rounded-window-bottom -->
          </div> <!-- suite-CRMNEXTAutomationFramework-class-passed -->
        </div> <!-- panel CRMNEXTAutomationFramework -->
        <div panel-name="test-xml-CRMNEXTAutomationFramework" class="panel">
          <div class="main-panel-header rounded-window-top">
            <span class="header-content">D:\automation\CRMNEXTAutomationFramework\TestNG.xml</span>
          </div> <!-- main-panel-header rounded-window-top -->
          <div class="main-panel-content rounded-window-bottom">
            <pre>
&lt;?xml version=&quot;1.0&quot; encoding=&quot;UTF-8&quot;?&gt;
&lt;!DOCTYPE suite SYSTEM &quot;https://testng.org/testng-1.0.dtd&quot;&gt;
&lt;suite name=&quot;CRMNEXTAutomationFramework&quot; guice-stage=&quot;DEVELOPMENT&quot;&gt;
  &lt;listeners&gt;
    &lt;listener class-name=&quot;com.crmnext.utilities.Reporting&quot;/&gt;
  &lt;/listeners&gt;
  &lt;test thread-count=&quot;5&quot; name=&quot;com.crmnext.testCases&quot;&gt;
    &lt;parameter name=&quot;browser&quot; value=&quot;chrome&quot;/&gt;
    &lt;classes&gt;
      &lt;class name=&quot;com.crmnext.testCases.TC1_LoginTest_001&quot;/&gt;
      &lt;class name=&quot;com.crmnext.testCases.TC2_LoginValidation_002&quot;/&gt;
    &lt;/classes&gt;
  &lt;/test&gt; &lt;!-- com.crmnext.testCases --&gt;
&lt;/suite&gt; &lt;!-- CRMNEXTAutomationFramework --&gt;
            </pre>
          </div> <!-- main-panel-content rounded-window-bottom -->
        </div> <!-- panel -->
        <div panel-name="testlist-CRMNEXTAutomationFramework" class="panel">
          <div class="main-panel-header rounded-window-top">
            <span class="header-content">Tests for CRMNEXTAutomationFramework</span>
          </div> <!-- main-panel-header rounded-window-top -->
          <div class="main-panel-content rounded-window-bottom">
            <ul>
              <li>
                <span class="test-name">com.crmnext.testCases (2 classes)</span>
              </li>
            </ul>
          </div> <!-- main-panel-content rounded-window-bottom -->
        </div> <!-- panel -->
        <div panel-name="group-CRMNEXTAutomationFramework" class="panel">
          <div class="main-panel-header rounded-window-top">
            <span class="header-content">Groups for CRMNEXTAutomationFramework</span>
          </div> <!-- main-panel-header rounded-window-top -->
          <div class="main-panel-content rounded-window-bottom">
          </div> <!-- main-panel-content rounded-window-bottom -->
        </div> <!-- panel -->
        <div panel-name="times-CRMNEXTAutomationFramework" class="panel">
          <div class="main-panel-header rounded-window-top">
            <span class="header-content">Times for CRMNEXTAutomationFramework</span>
          </div> <!-- main-panel-header rounded-window-top -->
          <div class="main-panel-content rounded-window-bottom">
            <div class="times-div">
              <script type="text/javascript">
suiteTableInitFunctions.push('tableData_CRMNEXTAutomationFramework');
function tableData_CRMNEXTAutomationFramework() {
var data = new google.visualization.DataTable();
data.addColumn('number', 'Number');
data.addColumn('string', 'Method');
data.addColumn('string', 'Class');
data.addColumn('number', 'Time (ms)');
data.addRows(9);
data.setCell(0, 0, 0)
data.setCell(0, 1, 'loginValidation')
data.setCell(0, 2, 'com.crmnext.testCases.TC2_LoginValidation_002')
data.setCell(0, 3, 5792);
data.setCell(1, 0, 1)
data.setCell(1, 1, 'loginValidation')
data.setCell(1, 2, 'com.crmnext.testCases.TC2_LoginValidation_002')
data.setCell(1, 3, 5742);
data.setCell(2, 0, 2)
data.setCell(2, 1, 'loginValidation')
data.setCell(2, 2, 'com.crmnext.testCases.TC2_LoginValidation_002')
data.setCell(2, 3, 5716);
data.setCell(3, 0, 3)
data.setCell(3, 1, 'loginTest')
data.setCell(3, 2, 'com.crmnext.testCases.TC1_LoginTest_001')
data.setCell(3, 3, 3787);
data.setCell(4, 0, 4)
data.setCell(4, 1, 'loginValidation')
data.setCell(4, 2, 'com.crmnext.testCases.TC2_LoginValidation_002')
data.setCell(4, 3, 3378);
data.setCell(5, 0, 5)
data.setCell(5, 1, 'loginValidation')
data.setCell(5, 2, 'com.crmnext.testCases.TC2_LoginValidation_002')
data.setCell(5, 3, 2914);
data.setCell(6, 0, 6)
data.setCell(6, 1, 'loginValidation')
data.setCell(6, 2, 'com.crmnext.testCases.TC2_LoginValidation_002')
data.setCell(6, 3, 2614);
data.setCell(7, 0, 7)
data.setCell(7, 1, 'loginValidation')
data.setCell(7, 2, 'com.crmnext.testCases.TC2_LoginValidation_002')
data.setCell(7, 3, 2320);
data.setCell(8, 0, 8)
data.setCell(8, 1, 'loginValidation')
data.setCell(8, 2, 'com.crmnext.testCases.TC2_LoginValidation_002')
data.setCell(8, 3, 2278);
window.suiteTableData['CRMNEXTAutomationFramework']= { tableData: data, tableDiv: 'times-div-CRMNEXTAutomationFramework'}
return data;
}
              </script>
              <span class="suite-total-time">Total running time: 34 seconds</span>
              <div id="times-div-CRMNEXTAutomationFramework">
              </div> <!-- times-div-CRMNEXTAutomationFramework -->
            </div> <!-- times-div -->
          </div> <!-- main-panel-content rounded-window-bottom -->
        </div> <!-- panel -->
        <div panel-name="reporter-CRMNEXTAutomationFramework" class="panel">
          <div class="main-panel-header rounded-window-top">
            <span class="header-content">Reporter output for CRMNEXTAutomationFramework</span>
          </div> <!-- main-panel-header rounded-window-top -->
          <div class="main-panel-content rounded-window-bottom">
          </div> <!-- main-panel-content rounded-window-bottom -->
        </div> <!-- panel -->
        <div panel-name="ignored-methods-CRMNEXTAutomationFramework" class="panel">
          <div class="main-panel-header rounded-window-top">
            <span class="header-content">0 ignored methods</span>
          </div> <!-- main-panel-header rounded-window-top -->
          <div class="main-panel-content rounded-window-bottom">
          </div> <!-- main-panel-content rounded-window-bottom -->
        </div> <!-- panel -->
        <div panel-name="chronological-CRMNEXTAutomationFramework" class="panel">
          <div class="main-panel-header rounded-window-top">
            <span class="header-content">Methods in chronological order</span>
          </div> <!-- main-panel-header rounded-window-top -->
          <div class="main-panel-content rounded-window-bottom">
            <div class="chronological-class">
              <div class="chronological-class-name">com.crmnext.testCases.TC1_LoginTest_001</div> <!-- chronological-class-name -->
              <div class="configuration-class before">
                <span class="method-name">setUp(chrome)</span>
                <span class="method-start">0 ms</span>
              </div> <!-- configuration-class before -->
              <div class="test-method">
                <span class="method-name">loginTest</span>
                <span class="method-start">12937 ms</span>
              </div> <!-- test-method -->
              <div class="configuration-class after">
                <span class="method-name">tearDown</span>
                <span class="method-start">16745 ms</span>
              </div> <!-- configuration-class after -->
            </div> <!-- chronological-class -->
            <div class="chronological-class">
              <div class="chronological-class-name">com.crmnext.testCases.TC2_LoginValidation_002</div> <!-- chronological-class-name -->
              <div class="configuration-class before">
                <span class="method-name">setUp(chrome)</span>
                <span class="method-start">21230 ms</span>
              </div> <!-- configuration-class before -->
              <div class="test-method">
                <img src="failed.png">
                </img>
                <span class="method-name">loginValidation(ritesh.mittal@crmnext.com, V_vteam11)</span>
                <span class="method-start">24646 ms</span>
              </div> <!-- test-method -->
              <div class="test-method">
                <img src="failed.png">
                </img>
                <span class="method-name">loginValidation(test@abc.com, V_vteam11)</span>
                <span class="method-start">28030 ms</span>
              </div> <!-- test-method -->
              <div class="test-method">
                <img src="failed.png">
                </img>
                <span class="method-name">loginValidation(ritesh.mittal@crmnext.com, V_vteam11)</span>
                <span class="method-start">33774 ms</span>
              </div> <!-- test-method -->
              <div class="test-method">
                <img src="failed.png">
                </img>
                <span class="method-name">loginValidation(abc, V_vteam11)</span>
                <span class="method-start">36391 ms</span>
              </div> <!-- test-method -->
              <div class="test-method">
                <img src="failed.png">
                </img>
                <span class="method-name">loginValidation(ritesh.mittal@crmnext.com, V_vteam11)</span>
                <span class="method-start">42114 ms</span>
              </div> <!-- test-method -->
              <div class="test-method">
                <img src="failed.png">
                </img>
                <span class="method-name">loginValidation(ritesh.mittal@crmnext.com, V_vteam11)</span>
                <span class="method-start">44437 ms</span>
              </div> <!-- test-method -->
              <div class="test-method">
                <img src="failed.png">
                </img>
                <span class="method-name">loginValidation(ritesh.mittal@crmnext.com, V_vteam11)</span>
                <span class="method-start">46718 ms</span>
              </div> <!-- test-method -->
              <div class="test-method">
                <img src="failed.png">
                </img>
                <span class="method-name">loginValidation(, )</span>
                <span class="method-start">49635 ms</span>
              </div> <!-- test-method -->
              <div class="configuration-class after">
                <span class="method-name">tearDown</span>
                <span class="method-start">55433 ms</span>
              </div> <!-- configuration-class after -->
          </div> <!-- main-panel-content rounded-window-bottom -->
        </div> <!-- panel -->
      </div> <!-- main-panel-root -->
    </div> <!-- wrapper -->
  </body>
<script type="text/javascript" src="testng-reports2.js"></script>
</html>
