<?xml version="1.0" encoding="UTF-8"?>
<!-- Generated by org.testng.reporters.JUnitXMLReporter -->
<testsuite ignored="0" hostname="RiteshM-AVP" failures="9" tests="9" name="com.crmnext.testCases(failed)" time="45.337" errors="0" timestamp="2021-11-20T13:08:40 IST">
  <testcase classname="com.crmnext.testCases.TC2_LoginValidation_002" name="loginValidation" time="4.823">
    <failure type="org.openqa.selenium.ElementClickInterceptedException" message="element click intercepted: Element &amp;lt;span class=&amp;quot;acd-link-text&amp;quot;&amp;gt;...&amp;lt;/span&amp;gt; is not clickable at point (1025, 250). Other element would receive the click: &amp;lt;div class=&amp;quot;pv-8 ph-16&amp;quot;&amp;gt;...&amp;lt;/div&amp;gt;
  (Session info: MicrosoftEdge=95.0.1020.53)
Build info: version: &amp;apos;4.0.0&amp;apos;, revision: &amp;apos;3a21814679&amp;apos;
System info: host: &amp;apos;RITESHM-AVP&amp;apos;, ip: &amp;apos;192.168.1.20&amp;apos;, os.name: &amp;apos;Windows 10&amp;apos;, os.arch: &amp;apos;amd64&amp;apos;, os.version: &amp;apos;10.0&amp;apos;, java.version: &amp;apos;17&amp;apos;
Driver info: org.openqa.selenium.edge.EdgeDriver
Command: [1c4251c3253d59fb61ea40fd86f11935, clickElement {id=db2cec38-6628-4b5e-8cf4-20a771f2a2a5}]
Capabilities {acceptInsecureCerts: false, browserName: msedge, browserVersion: 95.0.1020.53, javascriptEnabled: true, ms:edgeOptions: {debuggerAddress: localhost:57680}, msedge: {msedgedriverVersion: 95.0.1020.53 (9087d157c3938..., userDataDir: C:\Users\RITESH~1\AppData\L...}, networkConnectionEnabled: false, pageLoadStrategy: normal, platform: WINDOWS, platformName: WINDOWS, proxy: Proxy(), se:cdp: ws://localhost:57680/devtoo..., se:cdpVersion: 95.0.1020.53, setWindowRect: true, strictFileInteractability: false, timeouts: {implicit: 0, pageLoad: 300000, script: 30000}, unhandledPromptBehavior: dismiss and notify, webauthn:extension:credBlob: true, webauthn:extension:largeBlob: true, webauthn:virtualAuthenticators: true}
Element: [[EdgeDriver: msedge on WINDOWS (1c4251c3253d59fb61ea40fd86f11935)] -&amp;gt; css selector: body.bg-light-gray:nth-child(2) div.header.bg-white.flex.items-center.justify-between.wt--100.ph-16 div.header-profile.flex.items-center.justify-end.min-wt-15 div.header__item.header__profile.ht-3.mid.relative.pointer:nth-child(5) div.drop-down.isActive.header-profile__dropdown div.tl.bt.b--light-gray:nth-child(3) div.pv-8.ph-16 div.form-element.form-element--labelLeft a.tb.button-icon-text.f12 &amp;gt; span.acd-link-text]
Session ID: 1c4251c3253d59fb61ea40fd86f11935">
      <![CDATA[org.openqa.selenium.ElementClickInterceptedException: element click intercepted: Element <span class="acd-link-text">...</span> is not clickable at point (1025, 250). Other element would receive the click: <div class="pv-8 ph-16">...</div>
  (Session info: MicrosoftEdge=95.0.1020.53)
Build info: version: '4.0.0', revision: '3a21814679'
System info: host: 'RITESHM-AVP', ip: '192.168.1.20', os.name: 'Windows 10', os.arch: 'amd64', os.version: '10.0', java.version: '17'
Driver info: org.openqa.selenium.edge.EdgeDriver
Command: [1c4251c3253d59fb61ea40fd86f11935, clickElement {id=db2cec38-6628-4b5e-8cf4-20a771f2a2a5}]
Capabilities {acceptInsecureCerts: false, browserName: msedge, browserVersion: 95.0.1020.53, javascriptEnabled: true, ms:edgeOptions: {debuggerAddress: localhost:57680}, msedge: {msedgedriverVersion: 95.0.1020.53 (9087d157c3938..., userDataDir: C:\Users\RITESH~1\AppData\L...}, networkConnectionEnabled: false, pageLoadStrategy: normal, platform: WINDOWS, platformName: WINDOWS, proxy: Proxy(), se:cdp: ws://localhost:57680/devtoo..., se:cdpVersion: 95.0.1020.53, setWindowRect: true, strictFileInteractability: false, timeouts: {implicit: 0, pageLoad: 300000, script: 30000}, unhandledPromptBehavior: dismiss and notify, webauthn:extension:credBlob: true, webauthn:extension:largeBlob: true, webauthn:virtualAuthenticators: true}
Element: [[EdgeDriver: msedge on WINDOWS (1c4251c3253d59fb61ea40fd86f11935)] -> css selector: body.bg-light-gray:nth-child(2) div.header.bg-white.flex.items-center.justify-between.wt--100.ph-16 div.header-profile.flex.items-center.justify-end.min-wt-15 div.header__item.header__profile.ht-3.mid.relative.pointer:nth-child(5) div.drop-down.isActive.header-profile__dropdown div.tl.bt.b--light-gray:nth-child(3) div.pv-8.ph-16 div.form-element.form-element--labelLeft a.tb.button-icon-text.f12 > span.acd-link-text]
Session ID: 1c4251c3253d59fb61ea40fd86f11935
at org.openqa.selenium.remote.codec.w3c.W3CHttpResponseCodec.createException(W3CHttpResponseCodec.java:200)
at org.openqa.selenium.remote.codec.w3c.W3CHttpResponseCodec.decode(W3CHttpResponseCodec.java:133)
at org.openqa.selenium.remote.codec.w3c.W3CHttpResponseCodec.decode(W3CHttpResponseCodec.java:53)
at org.openqa.selenium.remote.HttpCommandExecutor.execute(HttpCommandExecutor.java:184)
at org.openqa.selenium.remote.service.DriverCommandExecutor.invokeExecute(DriverCommandExecutor.java:164)
at org.openqa.selenium.remote.service.DriverCommandExecutor.execute(DriverCommandExecutor.java:139)
at org.openqa.selenium.remote.RemoteWebDriver.execute(RemoteWebDriver.java:559)
at org.openqa.selenium.remote.RemoteWebElement.execute(RemoteWebElement.java:251)
at org.openqa.selenium.remote.RemoteWebElement.click(RemoteWebElement.java:77)
at org.openqa.selenium.support.pagefactory.internal.LocatingElementHandler.invoke(LocatingElementHandler.java:52)
at jdk.proxy2/jdk.proxy2.$Proxy36.click(Unknown Source)
at com.crmnext.pageObjects.LoginPage.clickLogout(LoginPage.java:68)
at com.crmnext.testCases.TC2_LoginValidation_002.loginValidation(TC2_LoginValidation_002.java:42)
at java.base/java.util.ArrayList.forEach(ArrayList.java:1511)
... Removed 36 stack frames]]>
    </failure>
  </testcase> <!-- loginValidation -->
  <testcase classname="com.crmnext.testCases.TC2_LoginValidation_002" name="loginValidation" time="6.157">
    <failure type="org.openqa.selenium.NoSuchElementException" message="no such element: Unable to locate element: {&amp;quot;method&amp;quot;:&amp;quot;css selector&amp;quot;,&amp;quot;selector&amp;quot;:&amp;quot;body.bg-light-gray:nth-child(2) div.header.bg-white.flex.items-center.justify-between.wt--100.ph-16 div.header-profile.flex.items-center.justify-end.min-wt-15 div.header__item.header__profile.ht-3.mid.relative.pointer:nth-child(5) a.header-profile__media.min-wt-2.wt-2.ht-2.overflow-hidden &amp;gt; img.min-wt--100.wt--100.ht--100.br-pill.pointer&amp;quot;}
  (Session info: MicrosoftEdge=95.0.1020.53)
For documentation on this error, please visit: https://selenium.dev/exceptions/#no_such_element
Build info: version: &amp;apos;4.0.0&amp;apos;, revision: &amp;apos;3a21814679&amp;apos;
System info: host: &amp;apos;RITESHM-AVP&amp;apos;, ip: &amp;apos;192.168.1.20&amp;apos;, os.name: &amp;apos;Windows 10&amp;apos;, os.arch: &amp;apos;amd64&amp;apos;, os.version: &amp;apos;10.0&amp;apos;, java.version: &amp;apos;17&amp;apos;
Driver info: org.openqa.selenium.edge.EdgeDriver
Command: [1c4251c3253d59fb61ea40fd86f11935, findElement {using=css selector, value=body.bg-light-gray:nth-child(2) div.header.bg-white.flex.items-center.justify-between.wt--100.ph-16 div.header-profile.flex.items-center.justify-end.min-wt-15 div.header__item.header__profile.ht-3.mid.relative.pointer:nth-child(5) a.header-profile__media.min-wt-2.wt-2.ht-2.overflow-hidden &amp;gt; img.min-wt--100.wt--100.ht--100.br-pill.pointer}]
Capabilities {acceptInsecureCerts: false, browserName: msedge, browserVersion: 95.0.1020.53, javascriptEnabled: true, ms:edgeOptions: {debuggerAddress: localhost:57680}, msedge: {msedgedriverVersion: 95.0.1020.53 (9087d157c3938..., userDataDir: C:\Users\RITESH~1\AppData\L...}, networkConnectionEnabled: false, pageLoadStrategy: normal, platform: WINDOWS, platformName: WINDOWS, proxy: Proxy(), se:cdp: ws://localhost:57680/devtoo..., se:cdpVersion: 95.0.1020.53, setWindowRect: true, strictFileInteractability: false, timeouts: {implicit: 0, pageLoad: 300000, script: 30000}, unhandledPromptBehavior: dismiss and notify, webauthn:extension:credBlob: true, webauthn:extension:largeBlob: true, webauthn:virtualAuthenticators: true}
Session ID: 1c4251c3253d59fb61ea40fd86f11935">
      <![CDATA[org.openqa.selenium.NoSuchElementException: no such element: Unable to locate element: {"method":"css selector","selector":"body.bg-light-gray:nth-child(2) div.header.bg-white.flex.items-center.justify-between.wt--100.ph-16 div.header-profile.flex.items-center.justify-end.min-wt-15 div.header__item.header__profile.ht-3.mid.relative.pointer:nth-child(5) a.header-profile__media.min-wt-2.wt-2.ht-2.overflow-hidden > img.min-wt--100.wt--100.ht--100.br-pill.pointer"}
  (Session info: MicrosoftEdge=95.0.1020.53)
For documentation on this error, please visit: https://selenium.dev/exceptions/#no_such_element
Build info: version: '4.0.0', revision: '3a21814679'
System info: host: 'RITESHM-AVP', ip: '192.168.1.20', os.name: 'Windows 10', os.arch: 'amd64', os.version: '10.0', java.version: '17'
Driver info: org.openqa.selenium.edge.EdgeDriver
Command: [1c4251c3253d59fb61ea40fd86f11935, findElement {using=css selector, value=body.bg-light-gray:nth-child(2) div.header.bg-white.flex.items-center.justify-between.wt--100.ph-16 div.header-profile.flex.items-center.justify-end.min-wt-15 div.header__item.header__profile.ht-3.mid.relative.pointer:nth-child(5) a.header-profile__media.min-wt-2.wt-2.ht-2.overflow-hidden > img.min-wt--100.wt--100.ht--100.br-pill.pointer}]
Capabilities {acceptInsecureCerts: false, browserName: msedge, browserVersion: 95.0.1020.53, javascriptEnabled: true, ms:edgeOptions: {debuggerAddress: localhost:57680}, msedge: {msedgedriverVersion: 95.0.1020.53 (9087d157c3938..., userDataDir: C:\Users\RITESH~1\AppData\L...}, networkConnectionEnabled: false, pageLoadStrategy: normal, platform: WINDOWS, platformName: WINDOWS, proxy: Proxy(), se:cdp: ws://localhost:57680/devtoo..., se:cdpVersion: 95.0.1020.53, setWindowRect: true, strictFileInteractability: false, timeouts: {implicit: 0, pageLoad: 300000, script: 30000}, unhandledPromptBehavior: dismiss and notify, webauthn:extension:credBlob: true, webauthn:extension:largeBlob: true, webauthn:virtualAuthenticators: true}
Session ID: 1c4251c3253d59fb61ea40fd86f11935
at org.openqa.selenium.remote.codec.w3c.W3CHttpResponseCodec.createException(W3CHttpResponseCodec.java:200)
at org.openqa.selenium.remote.codec.w3c.W3CHttpResponseCodec.decode(W3CHttpResponseCodec.java:133)
at org.openqa.selenium.remote.codec.w3c.W3CHttpResponseCodec.decode(W3CHttpResponseCodec.java:53)
at org.openqa.selenium.remote.HttpCommandExecutor.execute(HttpCommandExecutor.java:184)
at org.openqa.selenium.remote.service.DriverCommandExecutor.invokeExecute(DriverCommandExecutor.java:164)
at org.openqa.selenium.remote.service.DriverCommandExecutor.execute(DriverCommandExecutor.java:139)
at org.openqa.selenium.remote.RemoteWebDriver.execute(RemoteWebDriver.java:559)
at org.openqa.selenium.remote.ElementLocation$ElementFinder$2.findElement(ElementLocation.java:162)
at org.openqa.selenium.remote.ElementLocation.findElement(ElementLocation.java:60)
at org.openqa.selenium.remote.RemoteWebDriver.findElement(RemoteWebDriver.java:383)
at org.openqa.selenium.remote.RemoteWebDriver.findElement(RemoteWebDriver.java:375)
at org.openqa.selenium.support.pagefactory.DefaultElementLocator.findElement(DefaultElementLocator.java:70)
at org.openqa.selenium.support.pagefactory.internal.LocatingElementHandler.invoke(LocatingElementHandler.java:39)
at jdk.proxy2/jdk.proxy2.$Proxy36.click(Unknown Source)
at com.crmnext.pageObjects.LoginPage.clickLogout(LoginPage.java:67)
at com.crmnext.testCases.TC2_LoginValidation_002.loginValidation(TC2_LoginValidation_002.java:42)
at java.base/java.util.ArrayList.forEach(ArrayList.java:1511)
... Removed 32 stack frames]]>
    </failure>
  </testcase> <!-- loginValidation -->
  <testcase classname="com.crmnext.testCases.TC2_LoginValidation_002" name="loginValidation" time="2.89">
    <failure type="org.openqa.selenium.ElementClickInterceptedException" message="element click intercepted: Element &amp;lt;span class=&amp;quot;acd-link-text&amp;quot;&amp;gt;...&amp;lt;/span&amp;gt; is not clickable at point (1025, 247). Other element would receive the click: &amp;lt;div class=&amp;quot;pv-8 ph-16&amp;quot;&amp;gt;...&amp;lt;/div&amp;gt;
  (Session info: MicrosoftEdge=95.0.1020.53)
Build info: version: &amp;apos;4.0.0&amp;apos;, revision: &amp;apos;3a21814679&amp;apos;
System info: host: &amp;apos;RITESHM-AVP&amp;apos;, ip: &amp;apos;192.168.1.20&amp;apos;, os.name: &amp;apos;Windows 10&amp;apos;, os.arch: &amp;apos;amd64&amp;apos;, os.version: &amp;apos;10.0&amp;apos;, java.version: &amp;apos;17&amp;apos;
Driver info: org.openqa.selenium.edge.EdgeDriver
Command: [1c4251c3253d59fb61ea40fd86f11935, clickElement {id=100b3f6f-d93f-4525-a324-68d927265ba4}]
Capabilities {acceptInsecureCerts: false, browserName: msedge, browserVersion: 95.0.1020.53, javascriptEnabled: true, ms:edgeOptions: {debuggerAddress: localhost:57680}, msedge: {msedgedriverVersion: 95.0.1020.53 (9087d157c3938..., userDataDir: C:\Users\RITESH~1\AppData\L...}, networkConnectionEnabled: false, pageLoadStrategy: normal, platform: WINDOWS, platformName: WINDOWS, proxy: Proxy(), se:cdp: ws://localhost:57680/devtoo..., se:cdpVersion: 95.0.1020.53, setWindowRect: true, strictFileInteractability: false, timeouts: {implicit: 0, pageLoad: 300000, script: 30000}, unhandledPromptBehavior: dismiss and notify, webauthn:extension:credBlob: true, webauthn:extension:largeBlob: true, webauthn:virtualAuthenticators: true}
Element: [[EdgeDriver: msedge on WINDOWS (1c4251c3253d59fb61ea40fd86f11935)] -&amp;gt; css selector: body.bg-light-gray:nth-child(2) div.header.bg-white.flex.items-center.justify-between.wt--100.ph-16 div.header-profile.flex.items-center.justify-end.min-wt-15 div.header__item.header__profile.ht-3.mid.relative.pointer:nth-child(5) div.drop-down.isActive.header-profile__dropdown div.tl.bt.b--light-gray:nth-child(3) div.pv-8.ph-16 div.form-element.form-element--labelLeft a.tb.button-icon-text.f12 &amp;gt; span.acd-link-text]
Session ID: 1c4251c3253d59fb61ea40fd86f11935">
      <![CDATA[org.openqa.selenium.ElementClickInterceptedException: element click intercepted: Element <span class="acd-link-text">...</span> is not clickable at point (1025, 247). Other element would receive the click: <div class="pv-8 ph-16">...</div>
  (Session info: MicrosoftEdge=95.0.1020.53)
Build info: version: '4.0.0', revision: '3a21814679'
System info: host: 'RITESHM-AVP', ip: '192.168.1.20', os.name: 'Windows 10', os.arch: 'amd64', os.version: '10.0', java.version: '17'
Driver info: org.openqa.selenium.edge.EdgeDriver
Command: [1c4251c3253d59fb61ea40fd86f11935, clickElement {id=100b3f6f-d93f-4525-a324-68d927265ba4}]
Capabilities {acceptInsecureCerts: false, browserName: msedge, browserVersion: 95.0.1020.53, javascriptEnabled: true, ms:edgeOptions: {debuggerAddress: localhost:57680}, msedge: {msedgedriverVersion: 95.0.1020.53 (9087d157c3938..., userDataDir: C:\Users\RITESH~1\AppData\L...}, networkConnectionEnabled: false, pageLoadStrategy: normal, platform: WINDOWS, platformName: WINDOWS, proxy: Proxy(), se:cdp: ws://localhost:57680/devtoo..., se:cdpVersion: 95.0.1020.53, setWindowRect: true, strictFileInteractability: false, timeouts: {implicit: 0, pageLoad: 300000, script: 30000}, unhandledPromptBehavior: dismiss and notify, webauthn:extension:credBlob: true, webauthn:extension:largeBlob: true, webauthn:virtualAuthenticators: true}
Element: [[EdgeDriver: msedge on WINDOWS (1c4251c3253d59fb61ea40fd86f11935)] -> css selector: body.bg-light-gray:nth-child(2) div.header.bg-white.flex.items-center.justify-between.wt--100.ph-16 div.header-profile.flex.items-center.justify-end.min-wt-15 div.header__item.header__profile.ht-3.mid.relative.pointer:nth-child(5) div.drop-down.isActive.header-profile__dropdown div.tl.bt.b--light-gray:nth-child(3) div.pv-8.ph-16 div.form-element.form-element--labelLeft a.tb.button-icon-text.f12 > span.acd-link-text]
Session ID: 1c4251c3253d59fb61ea40fd86f11935
at org.openqa.selenium.remote.codec.w3c.W3CHttpResponseCodec.createException(W3CHttpResponseCodec.java:200)
at org.openqa.selenium.remote.codec.w3c.W3CHttpResponseCodec.decode(W3CHttpResponseCodec.java:133)
at org.openqa.selenium.remote.codec.w3c.W3CHttpResponseCodec.decode(W3CHttpResponseCodec.java:53)
at org.openqa.selenium.remote.HttpCommandExecutor.execute(HttpCommandExecutor.java:184)
at org.openqa.selenium.remote.service.DriverCommandExecutor.invokeExecute(DriverCommandExecutor.java:164)
at org.openqa.selenium.remote.service.DriverCommandExecutor.execute(DriverCommandExecutor.java:139)
at org.openqa.selenium.remote.RemoteWebDriver.execute(RemoteWebDriver.java:559)
at org.openqa.selenium.remote.RemoteWebElement.execute(RemoteWebElement.java:251)
at org.openqa.selenium.remote.RemoteWebElement.click(RemoteWebElement.java:77)
at org.openqa.selenium.support.pagefactory.internal.LocatingElementHandler.invoke(LocatingElementHandler.java:52)
at jdk.proxy2/jdk.proxy2.$Proxy36.click(Unknown Source)
at com.crmnext.pageObjects.LoginPage.clickLogout(LoginPage.java:68)
at com.crmnext.testCases.TC2_LoginValidation_002.loginValidation(TC2_LoginValidation_002.java:42)
at java.base/java.util.ArrayList.forEach(ArrayList.java:1511)
... Removed 36 stack frames]]>
    </failure>
  </testcase> <!-- loginValidation -->
  <testcase classname="com.crmnext.testCases.TC2_LoginValidation_002" name="loginValidation" time="6.059">
    <failure type="org.openqa.selenium.NoSuchElementException" message="no such element: Unable to locate element: {&amp;quot;method&amp;quot;:&amp;quot;css selector&amp;quot;,&amp;quot;selector&amp;quot;:&amp;quot;body.bg-light-gray:nth-child(2) div.header.bg-white.flex.items-center.justify-between.wt--100.ph-16 div.header-profile.flex.items-center.justify-end.min-wt-15 div.header__item.header__profile.ht-3.mid.relative.pointer:nth-child(5) a.header-profile__media.min-wt-2.wt-2.ht-2.overflow-hidden &amp;gt; img.min-wt--100.wt--100.ht--100.br-pill.pointer&amp;quot;}
  (Session info: MicrosoftEdge=95.0.1020.53)
For documentation on this error, please visit: https://selenium.dev/exceptions/#no_such_element
Build info: version: &amp;apos;4.0.0&amp;apos;, revision: &amp;apos;3a21814679&amp;apos;
System info: host: &amp;apos;RITESHM-AVP&amp;apos;, ip: &amp;apos;192.168.1.20&amp;apos;, os.name: &amp;apos;Windows 10&amp;apos;, os.arch: &amp;apos;amd64&amp;apos;, os.version: &amp;apos;10.0&amp;apos;, java.version: &amp;apos;17&amp;apos;
Driver info: org.openqa.selenium.edge.EdgeDriver
Command: [1c4251c3253d59fb61ea40fd86f11935, findElement {using=css selector, value=body.bg-light-gray:nth-child(2) div.header.bg-white.flex.items-center.justify-between.wt--100.ph-16 div.header-profile.flex.items-center.justify-end.min-wt-15 div.header__item.header__profile.ht-3.mid.relative.pointer:nth-child(5) a.header-profile__media.min-wt-2.wt-2.ht-2.overflow-hidden &amp;gt; img.min-wt--100.wt--100.ht--100.br-pill.pointer}]
Capabilities {acceptInsecureCerts: false, browserName: msedge, browserVersion: 95.0.1020.53, javascriptEnabled: true, ms:edgeOptions: {debuggerAddress: localhost:57680}, msedge: {msedgedriverVersion: 95.0.1020.53 (9087d157c3938..., userDataDir: C:\Users\RITESH~1\AppData\L...}, networkConnectionEnabled: false, pageLoadStrategy: normal, platform: WINDOWS, platformName: WINDOWS, proxy: Proxy(), se:cdp: ws://localhost:57680/devtoo..., se:cdpVersion: 95.0.1020.53, setWindowRect: true, strictFileInteractability: false, timeouts: {implicit: 0, pageLoad: 300000, script: 30000}, unhandledPromptBehavior: dismiss and notify, webauthn:extension:credBlob: true, webauthn:extension:largeBlob: true, webauthn:virtualAuthenticators: true}
Session ID: 1c4251c3253d59fb61ea40fd86f11935">
      <![CDATA[org.openqa.selenium.NoSuchElementException: no such element: Unable to locate element: {"method":"css selector","selector":"body.bg-light-gray:nth-child(2) div.header.bg-white.flex.items-center.justify-between.wt--100.ph-16 div.header-profile.flex.items-center.justify-end.min-wt-15 div.header__item.header__profile.ht-3.mid.relative.pointer:nth-child(5) a.header-profile__media.min-wt-2.wt-2.ht-2.overflow-hidden > img.min-wt--100.wt--100.ht--100.br-pill.pointer"}
  (Session info: MicrosoftEdge=95.0.1020.53)
For documentation on this error, please visit: https://selenium.dev/exceptions/#no_such_element
Build info: version: '4.0.0', revision: '3a21814679'
System info: host: 'RITESHM-AVP', ip: '192.168.1.20', os.name: 'Windows 10', os.arch: 'amd64', os.version: '10.0', java.version: '17'
Driver info: org.openqa.selenium.edge.EdgeDriver
Command: [1c4251c3253d59fb61ea40fd86f11935, findElement {using=css selector, value=body.bg-light-gray:nth-child(2) div.header.bg-white.flex.items-center.justify-between.wt--100.ph-16 div.header-profile.flex.items-center.justify-end.min-wt-15 div.header__item.header__profile.ht-3.mid.relative.pointer:nth-child(5) a.header-profile__media.min-wt-2.wt-2.ht-2.overflow-hidden > img.min-wt--100.wt--100.ht--100.br-pill.pointer}]
Capabilities {acceptInsecureCerts: false, browserName: msedge, browserVersion: 95.0.1020.53, javascriptEnabled: true, ms:edgeOptions: {debuggerAddress: localhost:57680}, msedge: {msedgedriverVersion: 95.0.1020.53 (9087d157c3938..., userDataDir: C:\Users\RITESH~1\AppData\L...}, networkConnectionEnabled: false, pageLoadStrategy: normal, platform: WINDOWS, platformName: WINDOWS, proxy: Proxy(), se:cdp: ws://localhost:57680/devtoo..., se:cdpVersion: 95.0.1020.53, setWindowRect: true, strictFileInteractability: false, timeouts: {implicit: 0, pageLoad: 300000, script: 30000}, unhandledPromptBehavior: dismiss and notify, webauthn:extension:credBlob: true, webauthn:extension:largeBlob: true, webauthn:virtualAuthenticators: true}
Session ID: 1c4251c3253d59fb61ea40fd86f11935
at org.openqa.selenium.remote.codec.w3c.W3CHttpResponseCodec.createException(W3CHttpResponseCodec.java:200)
at org.openqa.selenium.remote.codec.w3c.W3CHttpResponseCodec.decode(W3CHttpResponseCodec.java:133)
at org.openqa.selenium.remote.codec.w3c.W3CHttpResponseCodec.decode(W3CHttpResponseCodec.java:53)
at org.openqa.selenium.remote.HttpCommandExecutor.execute(HttpCommandExecutor.java:184)
at org.openqa.selenium.remote.service.DriverCommandExecutor.invokeExecute(DriverCommandExecutor.java:164)
at org.openqa.selenium.remote.service.DriverCommandExecutor.execute(DriverCommandExecutor.java:139)
at org.openqa.selenium.remote.RemoteWebDriver.execute(RemoteWebDriver.java:559)
at org.openqa.selenium.remote.ElementLocation$ElementFinder$2.findElement(ElementLocation.java:162)
at org.openqa.selenium.remote.ElementLocation.findElement(ElementLocation.java:60)
at org.openqa.selenium.remote.RemoteWebDriver.findElement(RemoteWebDriver.java:383)
at org.openqa.selenium.remote.RemoteWebDriver.findElement(RemoteWebDriver.java:375)
at org.openqa.selenium.support.pagefactory.DefaultElementLocator.findElement(DefaultElementLocator.java:70)
at org.openqa.selenium.support.pagefactory.internal.LocatingElementHandler.invoke(LocatingElementHandler.java:39)
at jdk.proxy2/jdk.proxy2.$Proxy36.click(Unknown Source)
at com.crmnext.pageObjects.LoginPage.clickLogout(LoginPage.java:67)
at com.crmnext.testCases.TC2_LoginValidation_002.loginValidation(TC2_LoginValidation_002.java:42)
at java.base/java.util.ArrayList.forEach(ArrayList.java:1511)
... Removed 32 stack frames]]>
    </failure>
  </testcase> <!-- loginValidation -->
  <testcase classname="com.crmnext.testCases.TC2_LoginValidation_002" name="loginValidation" time="2.759">
    <failure type="org.openqa.selenium.ElementClickInterceptedException" message="element click intercepted: Element &amp;lt;span class=&amp;quot;acd-link-text&amp;quot;&amp;gt;...&amp;lt;/span&amp;gt; is not clickable at point (1025, 248). Other element would receive the click: &amp;lt;div class=&amp;quot;pv-8 ph-16&amp;quot;&amp;gt;...&amp;lt;/div&amp;gt;
  (Session info: MicrosoftEdge=95.0.1020.53)
Build info: version: &amp;apos;4.0.0&amp;apos;, revision: &amp;apos;3a21814679&amp;apos;
System info: host: &amp;apos;RITESHM-AVP&amp;apos;, ip: &amp;apos;192.168.1.20&amp;apos;, os.name: &amp;apos;Windows 10&amp;apos;, os.arch: &amp;apos;amd64&amp;apos;, os.version: &amp;apos;10.0&amp;apos;, java.version: &amp;apos;17&amp;apos;
Driver info: org.openqa.selenium.edge.EdgeDriver
Command: [1c4251c3253d59fb61ea40fd86f11935, clickElement {id=2c31a683-e377-41bc-8967-63c122b937db}]
Capabilities {acceptInsecureCerts: false, browserName: msedge, browserVersion: 95.0.1020.53, javascriptEnabled: true, ms:edgeOptions: {debuggerAddress: localhost:57680}, msedge: {msedgedriverVersion: 95.0.1020.53 (9087d157c3938..., userDataDir: C:\Users\RITESH~1\AppData\L...}, networkConnectionEnabled: false, pageLoadStrategy: normal, platform: WINDOWS, platformName: WINDOWS, proxy: Proxy(), se:cdp: ws://localhost:57680/devtoo..., se:cdpVersion: 95.0.1020.53, setWindowRect: true, strictFileInteractability: false, timeouts: {implicit: 0, pageLoad: 300000, script: 30000}, unhandledPromptBehavior: dismiss and notify, webauthn:extension:credBlob: true, webauthn:extension:largeBlob: true, webauthn:virtualAuthenticators: true}
Element: [[EdgeDriver: msedge on WINDOWS (1c4251c3253d59fb61ea40fd86f11935)] -&amp;gt; css selector: body.bg-light-gray:nth-child(2) div.header.bg-white.flex.items-center.justify-between.wt--100.ph-16 div.header-profile.flex.items-center.justify-end.min-wt-15 div.header__item.header__profile.ht-3.mid.relative.pointer:nth-child(5) div.drop-down.isActive.header-profile__dropdown div.tl.bt.b--light-gray:nth-child(3) div.pv-8.ph-16 div.form-element.form-element--labelLeft a.tb.button-icon-text.f12 &amp;gt; span.acd-link-text]
Session ID: 1c4251c3253d59fb61ea40fd86f11935">
      <![CDATA[org.openqa.selenium.ElementClickInterceptedException: element click intercepted: Element <span class="acd-link-text">...</span> is not clickable at point (1025, 248). Other element would receive the click: <div class="pv-8 ph-16">...</div>
  (Session info: MicrosoftEdge=95.0.1020.53)
Build info: version: '4.0.0', revision: '3a21814679'
System info: host: 'RITESHM-AVP', ip: '192.168.1.20', os.name: 'Windows 10', os.arch: 'amd64', os.version: '10.0', java.version: '17'
Driver info: org.openqa.selenium.edge.EdgeDriver
Command: [1c4251c3253d59fb61ea40fd86f11935, clickElement {id=2c31a683-e377-41bc-8967-63c122b937db}]
Capabilities {acceptInsecureCerts: false, browserName: msedge, browserVersion: 95.0.1020.53, javascriptEnabled: true, ms:edgeOptions: {debuggerAddress: localhost:57680}, msedge: {msedgedriverVersion: 95.0.1020.53 (9087d157c3938..., userDataDir: C:\Users\RITESH~1\AppData\L...}, networkConnectionEnabled: false, pageLoadStrategy: normal, platform: WINDOWS, platformName: WINDOWS, proxy: Proxy(), se:cdp: ws://localhost:57680/devtoo..., se:cdpVersion: 95.0.1020.53, setWindowRect: true, strictFileInteractability: false, timeouts: {implicit: 0, pageLoad: 300000, script: 30000}, unhandledPromptBehavior: dismiss and notify, webauthn:extension:credBlob: true, webauthn:extension:largeBlob: true, webauthn:virtualAuthenticators: true}
Element: [[EdgeDriver: msedge on WINDOWS (1c4251c3253d59fb61ea40fd86f11935)] -> css selector: body.bg-light-gray:nth-child(2) div.header.bg-white.flex.items-center.justify-between.wt--100.ph-16 div.header-profile.flex.items-center.justify-end.min-wt-15 div.header__item.header__profile.ht-3.mid.relative.pointer:nth-child(5) div.drop-down.isActive.header-profile__dropdown div.tl.bt.b--light-gray:nth-child(3) div.pv-8.ph-16 div.form-element.form-element--labelLeft a.tb.button-icon-text.f12 > span.acd-link-text]
Session ID: 1c4251c3253d59fb61ea40fd86f11935
at org.openqa.selenium.remote.codec.w3c.W3CHttpResponseCodec.createException(W3CHttpResponseCodec.java:200)
at org.openqa.selenium.remote.codec.w3c.W3CHttpResponseCodec.decode(W3CHttpResponseCodec.java:133)
at org.openqa.selenium.remote.codec.w3c.W3CHttpResponseCodec.decode(W3CHttpResponseCodec.java:53)
at org.openqa.selenium.remote.HttpCommandExecutor.execute(HttpCommandExecutor.java:184)
at org.openqa.selenium.remote.service.DriverCommandExecutor.invokeExecute(DriverCommandExecutor.java:164)
at org.openqa.selenium.remote.service.DriverCommandExecutor.execute(DriverCommandExecutor.java:139)
at org.openqa.selenium.remote.RemoteWebDriver.execute(RemoteWebDriver.java:559)
at org.openqa.selenium.remote.RemoteWebElement.execute(RemoteWebElement.java:251)
at org.openqa.selenium.remote.RemoteWebElement.click(RemoteWebElement.java:77)
at org.openqa.selenium.support.pagefactory.internal.LocatingElementHandler.invoke(LocatingElementHandler.java:52)
at jdk.proxy2/jdk.proxy2.$Proxy36.click(Unknown Source)
at com.crmnext.pageObjects.LoginPage.clickLogout(LoginPage.java:68)
at com.crmnext.testCases.TC2_LoginValidation_002.loginValidation(TC2_LoginValidation_002.java:42)
at java.base/java.util.ArrayList.forEach(ArrayList.java:1511)
... Removed 36 stack frames]]>
    </failure>
  </testcase> <!-- loginValidation -->
  <testcase classname="com.crmnext.testCases.TC2_LoginValidation_002" name="loginValidation" time="2.49">
    <failure type="org.openqa.selenium.NoAlertPresentException" message="no such alert
  (Session info: MicrosoftEdge=95.0.1020.53)
Build info: version: &amp;apos;4.0.0&amp;apos;, revision: &amp;apos;3a21814679&amp;apos;
System info: host: &amp;apos;RITESHM-AVP&amp;apos;, ip: &amp;apos;192.168.1.20&amp;apos;, os.name: &amp;apos;Windows 10&amp;apos;, os.arch: &amp;apos;amd64&amp;apos;, os.version: &amp;apos;10.0&amp;apos;, java.version: &amp;apos;17&amp;apos;
Driver info: org.openqa.selenium.edge.EdgeDriver
Command: [1c4251c3253d59fb61ea40fd86f11935, getAlertText {}]
Capabilities {acceptInsecureCerts: false, browserName: msedge, browserVersion: 95.0.1020.53, javascriptEnabled: true, ms:edgeOptions: {debuggerAddress: localhost:57680}, msedge: {msedgedriverVersion: 95.0.1020.53 (9087d157c3938..., userDataDir: C:\Users\RITESH~1\AppData\L...}, networkConnectionEnabled: false, pageLoadStrategy: normal, platform: WINDOWS, platformName: WINDOWS, proxy: Proxy(), se:cdp: ws://localhost:57680/devtoo..., se:cdpVersion: 95.0.1020.53, setWindowRect: true, strictFileInteractability: false, timeouts: {implicit: 0, pageLoad: 300000, script: 30000}, unhandledPromptBehavior: dismiss and notify, webauthn:extension:credBlob: true, webauthn:extension:largeBlob: true, webauthn:virtualAuthenticators: true}
Session ID: 1c4251c3253d59fb61ea40fd86f11935">
      <![CDATA[org.openqa.selenium.NoAlertPresentException: no such alert
  (Session info: MicrosoftEdge=95.0.1020.53)
Build info: version: '4.0.0', revision: '3a21814679'
System info: host: 'RITESHM-AVP', ip: '192.168.1.20', os.name: 'Windows 10', os.arch: 'amd64', os.version: '10.0', java.version: '17'
Driver info: org.openqa.selenium.edge.EdgeDriver
Command: [1c4251c3253d59fb61ea40fd86f11935, getAlertText {}]
Capabilities {acceptInsecureCerts: false, browserName: msedge, browserVersion: 95.0.1020.53, javascriptEnabled: true, ms:edgeOptions: {debuggerAddress: localhost:57680}, msedge: {msedgedriverVersion: 95.0.1020.53 (9087d157c3938..., userDataDir: C:\Users\RITESH~1\AppData\L...}, networkConnectionEnabled: false, pageLoadStrategy: normal, platform: WINDOWS, platformName: WINDOWS, proxy: Proxy(), se:cdp: ws://localhost:57680/devtoo..., se:cdpVersion: 95.0.1020.53, setWindowRect: true, strictFileInteractability: false, timeouts: {implicit: 0, pageLoad: 300000, script: 30000}, unhandledPromptBehavior: dismiss and notify, webauthn:extension:credBlob: true, webauthn:extension:largeBlob: true, webauthn:virtualAuthenticators: true}
Session ID: 1c4251c3253d59fb61ea40fd86f11935
at org.openqa.selenium.remote.codec.w3c.W3CHttpResponseCodec.createException(W3CHttpResponseCodec.java:200)
at org.openqa.selenium.remote.codec.w3c.W3CHttpResponseCodec.decode(W3CHttpResponseCodec.java:133)
at org.openqa.selenium.remote.codec.w3c.W3CHttpResponseCodec.decode(W3CHttpResponseCodec.java:53)
at org.openqa.selenium.remote.HttpCommandExecutor.execute(HttpCommandExecutor.java:184)
at org.openqa.selenium.remote.service.DriverCommandExecutor.invokeExecute(DriverCommandExecutor.java:164)
at org.openqa.selenium.remote.service.DriverCommandExecutor.execute(DriverCommandExecutor.java:139)
at org.openqa.selenium.remote.RemoteWebDriver.execute(RemoteWebDriver.java:559)
at org.openqa.selenium.remote.RemoteWebDriver.execute(RemoteWebDriver.java:614)
at org.openqa.selenium.remote.RemoteWebDriver.execute(RemoteWebDriver.java:618)
at org.openqa.selenium.remote.RemoteWebDriver$RemoteTargetLocator.alert(RemoteWebDriver.java:1054)
at com.crmnext.testCases.TC2_LoginValidation_002.loginValidation(TC2_LoginValidation_002.java:44)
at java.base/java.util.ArrayList.forEach(ArrayList.java:1511)
... Removed 32 stack frames]]>
    </failure>
  </testcase> <!-- loginValidation -->
  <testcase classname="com.crmnext.testCases.TC2_LoginValidation_002" name="loginValidation" time="2.051">
    <failure type="org.openqa.selenium.NoAlertPresentException" message="no such alert
  (Session info: MicrosoftEdge=95.0.1020.53)
Build info: version: &amp;apos;4.0.0&amp;apos;, revision: &amp;apos;3a21814679&amp;apos;
System info: host: &amp;apos;RITESHM-AVP&amp;apos;, ip: &amp;apos;192.168.1.20&amp;apos;, os.name: &amp;apos;Windows 10&amp;apos;, os.arch: &amp;apos;amd64&amp;apos;, os.version: &amp;apos;10.0&amp;apos;, java.version: &amp;apos;17&amp;apos;
Driver info: org.openqa.selenium.edge.EdgeDriver
Command: [1c4251c3253d59fb61ea40fd86f11935, getAlertText {}]
Capabilities {acceptInsecureCerts: false, browserName: msedge, browserVersion: 95.0.1020.53, javascriptEnabled: true, ms:edgeOptions: {debuggerAddress: localhost:57680}, msedge: {msedgedriverVersion: 95.0.1020.53 (9087d157c3938..., userDataDir: C:\Users\RITESH~1\AppData\L...}, networkConnectionEnabled: false, pageLoadStrategy: normal, platform: WINDOWS, platformName: WINDOWS, proxy: Proxy(), se:cdp: ws://localhost:57680/devtoo..., se:cdpVersion: 95.0.1020.53, setWindowRect: true, strictFileInteractability: false, timeouts: {implicit: 0, pageLoad: 300000, script: 30000}, unhandledPromptBehavior: dismiss and notify, webauthn:extension:credBlob: true, webauthn:extension:largeBlob: true, webauthn:virtualAuthenticators: true}
Session ID: 1c4251c3253d59fb61ea40fd86f11935">
      <![CDATA[org.openqa.selenium.NoAlertPresentException: no such alert
  (Session info: MicrosoftEdge=95.0.1020.53)
Build info: version: '4.0.0', revision: '3a21814679'
System info: host: 'RITESHM-AVP', ip: '192.168.1.20', os.name: 'Windows 10', os.arch: 'amd64', os.version: '10.0', java.version: '17'
Driver info: org.openqa.selenium.edge.EdgeDriver
Command: [1c4251c3253d59fb61ea40fd86f11935, getAlertText {}]
Capabilities {acceptInsecureCerts: false, browserName: msedge, browserVersion: 95.0.1020.53, javascriptEnabled: true, ms:edgeOptions: {debuggerAddress: localhost:57680}, msedge: {msedgedriverVersion: 95.0.1020.53 (9087d157c3938..., userDataDir: C:\Users\RITESH~1\AppData\L...}, networkConnectionEnabled: false, pageLoadStrategy: normal, platform: WINDOWS, platformName: WINDOWS, proxy: Proxy(), se:cdp: ws://localhost:57680/devtoo..., se:cdpVersion: 95.0.1020.53, setWindowRect: true, strictFileInteractability: false, timeouts: {implicit: 0, pageLoad: 300000, script: 30000}, unhandledPromptBehavior: dismiss and notify, webauthn:extension:credBlob: true, webauthn:extension:largeBlob: true, webauthn:virtualAuthenticators: true}
Session ID: 1c4251c3253d59fb61ea40fd86f11935
at org.openqa.selenium.remote.codec.w3c.W3CHttpResponseCodec.createException(W3CHttpResponseCodec.java:200)
at org.openqa.selenium.remote.codec.w3c.W3CHttpResponseCodec.decode(W3CHttpResponseCodec.java:133)
at org.openqa.selenium.remote.codec.w3c.W3CHttpResponseCodec.decode(W3CHttpResponseCodec.java:53)
at org.openqa.selenium.remote.HttpCommandExecutor.execute(HttpCommandExecutor.java:184)
at org.openqa.selenium.remote.service.DriverCommandExecutor.invokeExecute(DriverCommandExecutor.java:164)
at org.openqa.selenium.remote.service.DriverCommandExecutor.execute(DriverCommandExecutor.java:139)
at org.openqa.selenium.remote.RemoteWebDriver.execute(RemoteWebDriver.java:559)
at org.openqa.selenium.remote.RemoteWebDriver.execute(RemoteWebDriver.java:614)
at org.openqa.selenium.remote.RemoteWebDriver.execute(RemoteWebDriver.java:618)
at org.openqa.selenium.remote.RemoteWebDriver$RemoteTargetLocator.alert(RemoteWebDriver.java:1054)
at com.crmnext.testCases.TC2_LoginValidation_002.loginValidation(TC2_LoginValidation_002.java:44)
at java.base/java.util.ArrayList.forEach(ArrayList.java:1511)
... Removed 32 stack frames]]>
    </failure>
  </testcase> <!-- loginValidation -->
  <testcase classname="com.crmnext.testCases.TC2_LoginValidation_002" name="loginValidation" time="6.044">
    <failure type="org.openqa.selenium.NoSuchElementException" message="no such element: Unable to locate element: {&amp;quot;method&amp;quot;:&amp;quot;css selector&amp;quot;,&amp;quot;selector&amp;quot;:&amp;quot;body.bg-light-gray:nth-child(2) div.header.bg-white.flex.items-center.justify-between.wt--100.ph-16 div.header-profile.flex.items-center.justify-end.min-wt-15 div.header__item.header__profile.ht-3.mid.relative.pointer:nth-child(5) a.header-profile__media.min-wt-2.wt-2.ht-2.overflow-hidden &amp;gt; img.min-wt--100.wt--100.ht--100.br-pill.pointer&amp;quot;}
  (Session info: MicrosoftEdge=95.0.1020.53)
For documentation on this error, please visit: https://selenium.dev/exceptions/#no_such_element
Build info: version: &amp;apos;4.0.0&amp;apos;, revision: &amp;apos;3a21814679&amp;apos;
System info: host: &amp;apos;RITESHM-AVP&amp;apos;, ip: &amp;apos;192.168.1.20&amp;apos;, os.name: &amp;apos;Windows 10&amp;apos;, os.arch: &amp;apos;amd64&amp;apos;, os.version: &amp;apos;10.0&amp;apos;, java.version: &amp;apos;17&amp;apos;
Driver info: org.openqa.selenium.edge.EdgeDriver
Command: [1c4251c3253d59fb61ea40fd86f11935, findElement {using=css selector, value=body.bg-light-gray:nth-child(2) div.header.bg-white.flex.items-center.justify-between.wt--100.ph-16 div.header-profile.flex.items-center.justify-end.min-wt-15 div.header__item.header__profile.ht-3.mid.relative.pointer:nth-child(5) a.header-profile__media.min-wt-2.wt-2.ht-2.overflow-hidden &amp;gt; img.min-wt--100.wt--100.ht--100.br-pill.pointer}]
Capabilities {acceptInsecureCerts: false, browserName: msedge, browserVersion: 95.0.1020.53, javascriptEnabled: true, ms:edgeOptions: {debuggerAddress: localhost:57680}, msedge: {msedgedriverVersion: 95.0.1020.53 (9087d157c3938..., userDataDir: C:\Users\RITESH~1\AppData\L...}, networkConnectionEnabled: false, pageLoadStrategy: normal, platform: WINDOWS, platformName: WINDOWS, proxy: Proxy(), se:cdp: ws://localhost:57680/devtoo..., se:cdpVersion: 95.0.1020.53, setWindowRect: true, strictFileInteractability: false, timeouts: {implicit: 0, pageLoad: 300000, script: 30000}, unhandledPromptBehavior: dismiss and notify, webauthn:extension:credBlob: true, webauthn:extension:largeBlob: true, webauthn:virtualAuthenticators: true}
Session ID: 1c4251c3253d59fb61ea40fd86f11935">
      <![CDATA[org.openqa.selenium.NoSuchElementException: no such element: Unable to locate element: {"method":"css selector","selector":"body.bg-light-gray:nth-child(2) div.header.bg-white.flex.items-center.justify-between.wt--100.ph-16 div.header-profile.flex.items-center.justify-end.min-wt-15 div.header__item.header__profile.ht-3.mid.relative.pointer:nth-child(5) a.header-profile__media.min-wt-2.wt-2.ht-2.overflow-hidden > img.min-wt--100.wt--100.ht--100.br-pill.pointer"}
  (Session info: MicrosoftEdge=95.0.1020.53)
For documentation on this error, please visit: https://selenium.dev/exceptions/#no_such_element
Build info: version: '4.0.0', revision: '3a21814679'
System info: host: 'RITESHM-AVP', ip: '192.168.1.20', os.name: 'Windows 10', os.arch: 'amd64', os.version: '10.0', java.version: '17'
Driver info: org.openqa.selenium.edge.EdgeDriver
Command: [1c4251c3253d59fb61ea40fd86f11935, findElement {using=css selector, value=body.bg-light-gray:nth-child(2) div.header.bg-white.flex.items-center.justify-between.wt--100.ph-16 div.header-profile.flex.items-center.justify-end.min-wt-15 div.header__item.header__profile.ht-3.mid.relative.pointer:nth-child(5) a.header-profile__media.min-wt-2.wt-2.ht-2.overflow-hidden > img.min-wt--100.wt--100.ht--100.br-pill.pointer}]
Capabilities {acceptInsecureCerts: false, browserName: msedge, browserVersion: 95.0.1020.53, javascriptEnabled: true, ms:edgeOptions: {debuggerAddress: localhost:57680}, msedge: {msedgedriverVersion: 95.0.1020.53 (9087d157c3938..., userDataDir: C:\Users\RITESH~1\AppData\L...}, networkConnectionEnabled: false, pageLoadStrategy: normal, platform: WINDOWS, platformName: WINDOWS, proxy: Proxy(), se:cdp: ws://localhost:57680/devtoo..., se:cdpVersion: 95.0.1020.53, setWindowRect: true, strictFileInteractability: false, timeouts: {implicit: 0, pageLoad: 300000, script: 30000}, unhandledPromptBehavior: dismiss and notify, webauthn:extension:credBlob: true, webauthn:extension:largeBlob: true, webauthn:virtualAuthenticators: true}
Session ID: 1c4251c3253d59fb61ea40fd86f11935
at org.openqa.selenium.remote.codec.w3c.W3CHttpResponseCodec.createException(W3CHttpResponseCodec.java:200)
at org.openqa.selenium.remote.codec.w3c.W3CHttpResponseCodec.decode(W3CHttpResponseCodec.java:133)
at org.openqa.selenium.remote.codec.w3c.W3CHttpResponseCodec.decode(W3CHttpResponseCodec.java:53)
at org.openqa.selenium.remote.HttpCommandExecutor.execute(HttpCommandExecutor.java:184)
at org.openqa.selenium.remote.service.DriverCommandExecutor.invokeExecute(DriverCommandExecutor.java:164)
at org.openqa.selenium.remote.service.DriverCommandExecutor.execute(DriverCommandExecutor.java:139)
at org.openqa.selenium.remote.RemoteWebDriver.execute(RemoteWebDriver.java:559)
at org.openqa.selenium.remote.ElementLocation$ElementFinder$2.findElement(ElementLocation.java:162)
at org.openqa.selenium.remote.ElementLocation.findElement(ElementLocation.java:60)
at org.openqa.selenium.remote.RemoteWebDriver.findElement(RemoteWebDriver.java:383)
at org.openqa.selenium.remote.RemoteWebDriver.findElement(RemoteWebDriver.java:375)
at org.openqa.selenium.support.pagefactory.DefaultElementLocator.findElement(DefaultElementLocator.java:70)
at org.openqa.selenium.support.pagefactory.internal.LocatingElementHandler.invoke(LocatingElementHandler.java:39)
at jdk.proxy2/jdk.proxy2.$Proxy36.click(Unknown Source)
at com.crmnext.pageObjects.LoginPage.clickLogout(LoginPage.java:67)
at com.crmnext.testCases.TC2_LoginValidation_002.loginValidation(TC2_LoginValidation_002.java:42)
at java.base/java.util.ArrayList.forEach(ArrayList.java:1511)
... Removed 32 stack frames]]>
    </failure>
  </testcase> <!-- loginValidation -->
  <testcase classname="com.crmnext.testCases.TC1_LoginTest_001" name="loginTest" time="4.358">
    <failure type="org.openqa.selenium.ElementClickInterceptedException" message="element click intercepted: Element &amp;lt;span class=&amp;quot;acd-link-text&amp;quot;&amp;gt;...&amp;lt;/span&amp;gt; is not clickable at point (1025, 252). Other element would receive the click: &amp;lt;div class=&amp;quot;crm-card-reportTable card-scroll flex-1&amp;quot;&amp;gt;...&amp;lt;/div&amp;gt;
  (Session info: MicrosoftEdge=95.0.1020.53)
Build info: version: &amp;apos;4.0.0&amp;apos;, revision: &amp;apos;3a21814679&amp;apos;
System info: host: &amp;apos;RITESHM-AVP&amp;apos;, ip: &amp;apos;192.168.1.20&amp;apos;, os.name: &amp;apos;Windows 10&amp;apos;, os.arch: &amp;apos;amd64&amp;apos;, os.version: &amp;apos;10.0&amp;apos;, java.version: &amp;apos;17&amp;apos;
Driver info: org.openqa.selenium.edge.EdgeDriver
Command: [762e600003649a728f739e1115890545, clickElement {id=ff6863ed-ade2-4f56-a218-6b9e453c6714}]
Capabilities {acceptInsecureCerts: false, browserName: msedge, browserVersion: 95.0.1020.53, javascriptEnabled: true, ms:edgeOptions: {debuggerAddress: localhost:57732}, msedge: {msedgedriverVersion: 95.0.1020.53 (9087d157c3938..., userDataDir: C:\Users\RITESH~1\AppData\L...}, networkConnectionEnabled: false, pageLoadStrategy: normal, platform: WINDOWS, platformName: WINDOWS, proxy: Proxy(), se:cdp: ws://localhost:57732/devtoo..., se:cdpVersion: 95.0.1020.53, setWindowRect: true, strictFileInteractability: false, timeouts: {implicit: 0, pageLoad: 300000, script: 30000}, unhandledPromptBehavior: dismiss and notify, webauthn:extension:credBlob: true, webauthn:extension:largeBlob: true, webauthn:virtualAuthenticators: true}
Element: [[EdgeDriver: msedge on WINDOWS (762e600003649a728f739e1115890545)] -&amp;gt; css selector: body.bg-light-gray:nth-child(2) div.header.bg-white.flex.items-center.justify-between.wt--100.ph-16 div.header-profile.flex.items-center.justify-end.min-wt-15 div.header__item.header__profile.ht-3.mid.relative.pointer:nth-child(5) div.drop-down.isActive.header-profile__dropdown div.tl.bt.b--light-gray:nth-child(3) div.pv-8.ph-16 div.form-element.form-element--labelLeft a.tb.button-icon-text.f12 &amp;gt; span.acd-link-text]
Session ID: 762e600003649a728f739e1115890545">
      <![CDATA[org.openqa.selenium.ElementClickInterceptedException: element click intercepted: Element <span class="acd-link-text">...</span> is not clickable at point (1025, 252). Other element would receive the click: <div class="crm-card-reportTable card-scroll flex-1">...</div>
  (Session info: MicrosoftEdge=95.0.1020.53)
Build info: version: '4.0.0', revision: '3a21814679'
System info: host: 'RITESHM-AVP', ip: '192.168.1.20', os.name: 'Windows 10', os.arch: 'amd64', os.version: '10.0', java.version: '17'
Driver info: org.openqa.selenium.edge.EdgeDriver
Command: [762e600003649a728f739e1115890545, clickElement {id=ff6863ed-ade2-4f56-a218-6b9e453c6714}]
Capabilities {acceptInsecureCerts: false, browserName: msedge, browserVersion: 95.0.1020.53, javascriptEnabled: true, ms:edgeOptions: {debuggerAddress: localhost:57732}, msedge: {msedgedriverVersion: 95.0.1020.53 (9087d157c3938..., userDataDir: C:\Users\RITESH~1\AppData\L...}, networkConnectionEnabled: false, pageLoadStrategy: normal, platform: WINDOWS, platformName: WINDOWS, proxy: Proxy(), se:cdp: ws://localhost:57732/devtoo..., se:cdpVersion: 95.0.1020.53, setWindowRect: true, strictFileInteractability: false, timeouts: {implicit: 0, pageLoad: 300000, script: 30000}, unhandledPromptBehavior: dismiss and notify, webauthn:extension:credBlob: true, webauthn:extension:largeBlob: true, webauthn:virtualAuthenticators: true}
Element: [[EdgeDriver: msedge on WINDOWS (762e600003649a728f739e1115890545)] -> css selector: body.bg-light-gray:nth-child(2) div.header.bg-white.flex.items-center.justify-between.wt--100.ph-16 div.header-profile.flex.items-center.justify-end.min-wt-15 div.header__item.header__profile.ht-3.mid.relative.pointer:nth-child(5) div.drop-down.isActive.header-profile__dropdown div.tl.bt.b--light-gray:nth-child(3) div.pv-8.ph-16 div.form-element.form-element--labelLeft a.tb.button-icon-text.f12 > span.acd-link-text]
Session ID: 762e600003649a728f739e1115890545
at org.openqa.selenium.remote.codec.w3c.W3CHttpResponseCodec.createException(W3CHttpResponseCodec.java:200)
at org.openqa.selenium.remote.codec.w3c.W3CHttpResponseCodec.decode(W3CHttpResponseCodec.java:133)
at org.openqa.selenium.remote.codec.w3c.W3CHttpResponseCodec.decode(W3CHttpResponseCodec.java:53)
at org.openqa.selenium.remote.HttpCommandExecutor.execute(HttpCommandExecutor.java:184)
at org.openqa.selenium.remote.service.DriverCommandExecutor.invokeExecute(DriverCommandExecutor.java:164)
at org.openqa.selenium.remote.service.DriverCommandExecutor.execute(DriverCommandExecutor.java:139)
at org.openqa.selenium.remote.RemoteWebDriver.execute(RemoteWebDriver.java:559)
at org.openqa.selenium.remote.RemoteWebElement.execute(RemoteWebElement.java:251)
at org.openqa.selenium.remote.RemoteWebElement.click(RemoteWebElement.java:77)
at org.openqa.selenium.support.pagefactory.internal.LocatingElementHandler.invoke(LocatingElementHandler.java:52)
at jdk.proxy2/jdk.proxy2.$Proxy36.click(Unknown Source)
at com.crmnext.pageObjects.LoginPage.clickLogout(LoginPage.java:68)
at com.crmnext.testCases.TC1_LoginTest_001.loginTest(TC1_LoginTest_001.java:35)
at java.base/java.util.ArrayList.forEach(ArrayList.java:1511)
... Removed 35 stack frames]]>
    </failure>
  </testcase> <!-- loginTest -->
</testsuite> <!-- com.crmnext.testCases(failed) -->
